{"numTotalTestSuites":2,"numPassedTestSuites":0,"numFailedTestSuites":2,"numPendingTestSuites":0,"numTotalTests":20,"numPassedTests":16,"numFailedTests":3,"numPendingTests":1,"numTodoTests":0,"snapshot":{"added":0,"failure":false,"filesAdded":0,"filesRemoved":0,"filesRemovedList":[],"filesUnmatched":0,"filesUpdated":0,"matched":0,"total":0,"unchecked":0,"uncheckedKeysByFile":[],"unmatched":0,"updated":0,"didUpdate":false},"startTime":1749668213595,"success":false,"testResults":[{"assertionResults":[{"ancestorTitles":["RegistrationForm (headless)"],"fullName":"RegistrationForm (headless) calls register with form values","status":"passed","title":"calls register with form values","duration":1497.4934000000003,"failureMessages":[],"meta":{}},{"ancestorTitles":["RegistrationForm (headless)"],"fullName":"RegistrationForm (headless) shows API error message when registration fails","status":"passed","title":"shows API error message when registration fails","duration":1.6247000000003027,"failureMessages":[],"meta":{}},{"ancestorTitles":["RegistrationForm (headless)"],"fullName":"RegistrationForm (headless) should not have duplicate login links or duplicate error/success messages","status":"passed","title":"should not have duplicate login links or duplicate error/success messages","duration":34.17519999999968,"failureMessages":[],"meta":{}},{"ancestorTitles":["RegistrationForm (headless)"],"fullName":"RegistrationForm (headless) shows password requirements helper and updates criteria","status":"passed","title":"shows password requirements helper and updates criteria","duration":0.800600000000486,"failureMessages":[],"meta":{}},{"ancestorTitles":["RegistrationForm (headless)"],"fullName":"RegistrationForm (headless) shows error when passwords do not match","status":"failed","title":"shows error when passwords do not match","duration":1567.1924000000008,"failureMessages":["Error: Unable to find an element with the text: /passwords do not match/i. This could be because the text is broken up by multiple elements. In this case, you can provide a function for your text matcher to make your matcher more flexible.\n\nIgnored nodes: comments, script, style\n\u001b[36m<body>\u001b[39m\n  \u001b[36m<div>\u001b[39m\n    \u001b[36m<div\u001b[39m\n      \u001b[33mclass\u001b[39m=\u001b[32m\"w-full max-w-md mx-auto space-y-6\"\u001b[39m\n    \u001b[36m>\u001b[39m\n      \u001b[36m<form\u001b[39m\n        \u001b[33mclass\u001b[39m=\u001b[32m\"space-y-4\"\u001b[39m\n        \u001b[33mdata-testid\u001b[39m=\u001b[32m\"registration-form\"\u001b[39m\n      \u001b[36m>\u001b[39m\n        \u001b[36m<h1\u001b[39m\n          \u001b[33mclass\u001b[39m=\u001b[32m\"text-2xl font-bold text-center\"\u001b[39m\n        \u001b[36m>\u001b[39m\n          \u001b[0mCreate an Account\u001b[0m\n        \u001b[36m</h1>\u001b[39m\n        \u001b[36m<div\u001b[39m\n          \u001b[33mclass\u001b[39m=\u001b[32m\"space-y-2\"\u001b[39m\n        \u001b[36m>\u001b[39m\n          \u001b[36m<label\u001b[39m\n            \u001b[33mclass\u001b[39m=\u001b[32m\"text-sm font-medium leading-none peer-disabled:cursor-not-allowed peer-disabled:opacity-70\"\u001b[39m\n          \u001b[36m>\u001b[39m\n            \u001b[0mAccount Type\u001b[0m\n          \u001b[36m</label>\u001b[39m\n          \u001b[36m<div\u001b[39m\n            \u001b[33maria-required\u001b[39m=\u001b[32m\"false\"\u001b[39m\n            \u001b[33mclass\u001b[39m=\u001b[32m\"gap-2 flex flex-col space-y-2\"\u001b[39m\n            \u001b[33mdata-testid\u001b[39m=\u001b[32m\"user-type-radio-group\"\u001b[39m\n            \u001b[33mdir\u001b[39m=\u001b[32m\"ltr\"\u001b[39m\n            \u001b[33mrole\u001b[39m=\u001b[32m\"radiogroup\"\u001b[39m\n            \u001b[33mstyle\u001b[39m=\u001b[32m\"outline: none;\"\u001b[39m\n            \u001b[33mtabindex\u001b[39m=\u001b[32m\"0\"\u001b[39m\n          \u001b[36m>\u001b[39m\n            \u001b[36m<div\u001b[39m\n              \u001b[33mclass\u001b[39m=\u001b[32m\"flex items-center space-x-2\"\u001b[39m\n            \u001b[36m>\u001b[39m\n              \u001b[36m<button\u001b[39m\n                \u001b[33maria-checked\u001b[39m=\u001b[32m\"true\"\u001b[39m\n                \u001b[33mclass\u001b[39m=\u001b[32m\"aspect-square h-4 w-4 rounded-full border border-primary text-primary ring-offset-background focus:outline-none focus-visible:ring-2 focus-visible:ring-ring focus-visible:ring-offset-2 disabled:cursor-not-allowed disabled:opacity-50 cursor-pointer\"\u001b[39m\n                \u001b[33mdata-radix-collection-item\u001b[39m=\u001b[32m\"\"\u001b[39m\n                \u001b[33mdata-state\u001b[39m=\u001b[32m\"checked\"\u001b[39m\n                \u001b[33mdata-testid\u001b[39m=\u001b[32m\"user-type-private\"\u001b[39m\n                \u001b[33mid\u001b[39m=\u001b[32m\"user-type-private\"\u001b[39m\n                \u001b[33mrole\u001b[39m=\u001b[32m\"radio\"\u001b[39m\n                \u001b[33mtabindex\u001b[39m=\u001b[32m\"-1\"\u001b[39m\n                \u001b[33mtype\u001b[39m=\u001b[32m\"button\"\u001b[39m\n                \u001b[33mvalue\u001b[39m=\u001b[32m\"private\"\u001b[39m\n              \u001b[36m>\u001b[39m\n                \u001b[36m<span\u001b[39m\n                  \u001b[33mclass\u001b[39m=\u001b[32m\"flex items-center justify-center\"\u001b[39m\n                  \u001b[33mdata-state\u001b[39m=\u001b[32m\"checked\"\u001b[39m\n                \u001b[36m>\u001b[39m\n                  \u001b[36m<div\u001b[39m\n                    \u001b[33mdata-testid\u001b[39m=\u001b[32m\"circle-icon\"\u001b[39m\n                  \u001b[36m/>\u001b[39m\n                \u001b[36m</span>\u001b[39m\n              \u001b[36m</button>\u001b[39m\n              \u001b[36m<input\u001b[39m\n                \u001b[33maria-hidden\u001b[39m=\u001b[32m\"true\"\u001b[39m\n                \u001b[33mchecked\u001b[39m=\u001b[32m\"\"\u001b[39m\n                \u001b[33mstyle\u001b[39m=\u001b[32m\"transform: translateX(-100%); position: absolute; pointer-events: none; opacity: 0; margin: 0px; width: 0px; height: 0px;\"\u001b[39m\n                \u001b[33mtabindex\u001b[39m=\u001b[32m\"-1\"\u001b[39m\n                \u001b[33mtype\u001b[39m=\u001b[32m\"radio\"\u001b[39m\n                \u001b[33mvalue\u001b[39m=\u001b[32m\"private\"\u001b[39m\n              \u001b[36m/>\u001b[39m\n              \u001b[36m<label\u001b[39m\n                \u001b[33mclass\u001b[39m=\u001b[32m\"text-sm font-medium leading-none peer-disabled:cursor-not-allowed peer-disabled:opacity-70 cursor-pointer\"\u001b[39m\n                \u001b[33mfor\u001b[39m=\u001b[32m\"user-type-private\"\u001b[39m\n              \u001b[36m>\u001b[39m\n                \u001b[0mPersonal\u001b[0m\n              \u001b[36m</label>\u001b[39m\n            \u001b[36m</div>\u001b[39m\n            \u001b[36m<div\u001b[39m\n              \u001b[33mclass\u001b[39m=\u001b[32m\"flex items-center space-x-2\"\u001b[39m\n            \u001b[36m>\u001b[39m\n              \u001b[36m<button\u001b[39m\n                \u001b[33maria-checked\u001b[39m=\u001b[32m\"false\"\u001b[39m\n                \u001b[33mclass\u001b[39m=\u001b[32m\"aspect-square h-4 w-4 rounded-full border border-primary text-primary ring-offset-background focus:outline-none focus-visible:ring-2 focus-visible:ring-ring focus-visible:ring-offset-2 disabled:cursor-not-allowed disabled:opacity-50 cursor-pointer\"\u001b[39m\n                \u001b[33mdata-radix-collection-item\u001b[39m=\u001b[32m\"\"\u001b[39m\n                \u001b[33mdata-state\u001b[39m=\u001b[32m\"unchecked\"\u001b[39m\n                \u001b[33mdata-testid\u001b[39m=\u001b[32m\"user-type-corporate\"\u001b[39m\n                \u001b[33mid\u001b[39m=\u001b[32m\"user-type-corporate\"\u001b[39m\n                \u001b[33mrole\u001b[39m=\u001b[32m\"radio\"\u001b[39m\n                \u001b[33mtabindex\u001b[39m=\u001b[32m\"-1\"\u001b[39m\n                \u001b[33mtype\u001b[39m=\u001b[32m\"button\"\u001b[39m\n                \u001b[33mvalue\u001b[39m=\u001b[32m\"corporate\"\u001b[39m\n              \u001b[36m/>\u001b[39m\n              \u001b[36m<input\u001b[39m\n                \u001b[33maria-hidden\u001b[39m=\u001b[32m\"true\"\u001b[39m\n                \u001b[33mstyle\u001b[39m=\u001b[32m\"transform: translateX(-100%); position: absolute; pointer-events: none; opacity: 0; margin: 0px; width: 0px; height: 0px;\"\u001b[39m\n                \u001b[33mtabindex\u001b[39m=\u001b[32m\"-1\"\u001b[39m\n                \u001b[33mtype\u001b[39m=\u001b[32m\"radio\"\u001b[39m\n                \u001b[33mvalue\u001b[39m=\u001b[32m\"corporate\"\u001b[39m\n              \u001b[36m/>\u001b[39m\n              \u001b[36m<label\u001b[39m\n                \u001b[33mclass\u001b[39m=\u001b[32m\"text-sm font-medium leading-none peer-disabled:cursor-not-allowed peer-disabled:opacity-70 cursor-pointer\"\u001b[39m\n                \u001b[33mfor\u001b[39m=\u001b[32m\"user-type-corporate\"\u001b[39m\n              \u001b[36m>\u001b[39m\n                \u001b[0mBusiness\u001b[0m\n              \u001b[36m</label>\u001b[39m\n            \u001b[36m</div>\u001b[39m\n          \u001b[36m</div>\u001b[39m\n        \u001b[36m</div>\u001b[39m\n        \u001b[36m<div\u001b[39m\n          \u001b[33mclass\u001b[39m=\u001b[32m\"space-y-1.5\"\u001b[39m\n        \u001b[36m>\u001b[39m\n          \u001b[36m<label\u001b[39m\n            \u001b[33mclass\u001b[39m=\u001b[32m\"text-sm font-medium leading-none peer-disabled:cursor-not-allowed peer-disabled:opacity-70\"\u001b[39m\n            \u001b[33mfor\u001b[39m=\u001b[32m\"email\"\u001b[39m\n          \u001b[36m>\u001b[39m\n            \u001b[0mEmail\u001b[0m\n          \u001b[36m</label>\u001b[39m\n          \u001b[36m<input\u001b[39m\n            \u001b[33maria-invalid\u001b[39m=\u001b[32m\"false\"\u001b[39m\n            \u001b[33mautocomplete\u001b[39m=\u001b[32m\"email\"\u001b[39m\n            \u001b[33mclass\u001b[39m=\u001b[32m\"flex h-10 w-full rounded-md border border-input bg-transparent px-3 py-2 text-sm shadow-sm transition-colors file:border-0 file:bg-transparent file:text-sm file:font-medium file:text-foreground placeholder:text-muted-foreground focus-visible:outline-none focus-visible:ring-1 focus-visible:ring-ring disabled:cursor-not-allowed disabled:opacity-50 touch-manipulation\"\u001b[39m\n            \u001b[33mdata-testid\u001b[39m=\u001b[32m\"email-input\"\u001b[39m\n            \u001b[33mid\u001b[39m=\u001b[32m\"email\"\u001b[39m\n            \u001b[33minputmode\u001b[39m=\u001b[32m\"email\"\u001b[39m\n            \u001b[33mplaceholder\u001b[39m=\u001b[32m\"your.email@example.com\"\u001b[39m\n            \u001b[33mtype\u001b[39m=\u001b[32m\"email\"\u001b[39m\n            \u001b[33mvalue\u001b[39m=\u001b[32m\"\"\u001b[39m\n          \u001b[36m/>\u001b[39m\n        \u001b[36m</div>\u001b[39m\n        \u001b[36m<div\u001b[39m\n          \u001b[33mclass\u001b[39m=\u001b[32m\"grid grid-cols-2 gap-4\"\u001b[39m\n        \u001b[36m>\u001b[39m\n          \u001b[36m<div\u001b[39m\n            \u001b[33mclass\u001b[39m=\u001b[32m\"space-y-1.5\"\u001b[39m\n          \u001b[36m>\u001b[39m\n            \u001b[36m<label\u001b[39m\n              \u001b[33mclass\u001b[39m=\u001b[32m\"text-sm font-medium leading-none peer-disabled:cursor-not-allowed peer-disabled:opacity-70\"\u001b[39m\n              \u001b[33mfor\u001b[39m=\u001b[32m\"firstName\"\u001b[39m\n            \u001b[36m>\u001b[39m\n              \u001b[0mFirst Nam...\n    at waitForWrapper (C:\\Dev\\Projects\\Products\\Apps\\user-management-reorganized\\node_modules\\@testing-library\\dom\\dist\\wait-for.js:163:27)\n    at C:\\Dev\\Projects\\Products\\Apps\\user-management-reorganized\\node_modules\\@testing-library\\dom\\dist\\query-helpers.js:86:33\n    at C:\\Dev\\Projects\\Products\\Apps\\user-management-reorganized\\src\\ui\\headless\\auth\\__tests__\\registrationForm.test.tsx:189:25\n    at file:///C:/Dev/Projects/Products/Apps/user-management-reorganized/node_modules/@vitest/runner/dist/index.js:596:20"],"meta":{}},{"ancestorTitles":["RegistrationForm (headless)"],"fullName":"RegistrationForm (headless) shows corporate fields when Business user type is selected","status":"passed","title":"shows corporate fields when Business user type is selected","duration":84.58009999999922,"failureMessages":[],"meta":{}},{"ancestorTitles":["RegistrationForm (headless)"],"fullName":"RegistrationForm (headless) clears error messages when form input changes","status":"failed","title":"clears error messages when form input changes","duration":5658.988000000001,"failureMessages":["Error: \u001b[2mexpect(\u001b[22m\u001b[31melement\u001b[39m\u001b[2m).not.toBeInTheDocument()\u001b[22m\n\n\u001b[31mexpected document not to contain element, found <p\n  class=\"text-destructive text-sm mt-1\"\n  data-testid=\"email-error\"\n  id=\"email-error\"\n>\n  Please enter a valid email address\n</p> instead\u001b[39m\n\nIgnored nodes: comments, script, style\n\u001b[36m<html\u001b[39m\n  \u001b[33mclass\u001b[39m=\u001b[32m\"light\"\u001b[39m\n  \u001b[33mstyle\u001b[39m=\u001b[32m\"--color-primary: #2B3F4E; --color-secondary: #3E8C75; --color-tertiary: #D66853; --color-neutral: #8294A5; --color-accent1: #E9C37C; --color-accent2: #475B4F; --color-background: #F8F6F2; --color-surface: #F4E5D7;\"\u001b[39m\n\u001b[36m>\u001b[39m\n  \u001b[36m<head />\u001b[39m\n  \u001b[36m<body>\u001b[39m\n    \u001b[36m<div>\u001b[39m\n      \u001b[36m<div\u001b[39m\n        \u001b[33mclass\u001b[39m=\u001b[32m\"w-full max-w-md mx-auto space-y-6\"\u001b[39m\n      \u001b[36m>\u001b[39m\n        \u001b[36m<form\u001b[39m\n          \u001b[33mclass\u001b[39m=\u001b[32m\"space-y-4\"\u001b[39m\n          \u001b[33mdata-testid\u001b[39m=\u001b[32m\"registration-form\"\u001b[39m\n        \u001b[36m>\u001b[39m\n          \u001b[36m<h1\u001b[39m\n            \u001b[33mclass\u001b[39m=\u001b[32m\"text-2xl font-bold text-center\"\u001b[39m\n          \u001b[36m>\u001b[39m\n            \u001b[0mCreate an Account\u001b[0m\n          \u001b[36m</h1>\u001b[39m\n          \u001b[36m<div\u001b[39m\n            \u001b[33mclass\u001b[39m=\u001b[32m\"space-y-2\"\u001b[39m\n          \u001b[36m>\u001b[39m\n            \u001b[36m<label\u001b[39m\n              \u001b[33mclass\u001b[39m=\u001b[32m\"text-sm font-medium leading-none peer-disabled:cursor-not-allowed peer-disabled:opacity-70\"\u001b[39m\n            \u001b[36m>\u001b[39m\n              \u001b[0mAccount Type\u001b[0m\n            \u001b[36m</label>\u001b[39m\n            \u001b[36m<div\u001b[39m\n              \u001b[33maria-required\u001b[39m=\u001b[32m\"false\"\u001b[39m\n              \u001b[33mclass\u001b[39m=\u001b[32m\"gap-2 flex flex-col space-y-2\"\u001b[39m\n              \u001b[33mdata-testid\u001b[39m=\u001b[32m\"user-type-radio-group\"\u001b[39m\n              \u001b[33mdir\u001b[39m=\u001b[32m\"ltr\"\u001b[39m\n              \u001b[33mrole\u001b[39m=\u001b[32m\"radiogroup\"\u001b[39m\n              \u001b[33mstyle\u001b[39m=\u001b[32m\"outline: none;\"\u001b[39m\n              \u001b[33mtabindex\u001b[39m=\u001b[32m\"0\"\u001b[39m\n            \u001b[36m>\u001b[39m\n              \u001b[36m<div\u001b[39m\n                \u001b[33mclass\u001b[39m=\u001b[32m\"flex items-center space-x-2\"\u001b[39m\n              \u001b[36m>\u001b[39m\n                \u001b[36m<button\u001b[39m\n                  \u001b[33maria-checked\u001b[39m=\u001b[32m\"true\"\u001b[39m\n                  \u001b[33mclass\u001b[39m=\u001b[32m\"aspect-square h-4 w-4 rounded-full border border-primary text-primary ring-offset-background focus:outline-none focus-visible:ring-2 focus-visible:ring-ring focus-visible:ring-offset-2 disabled:cursor-not-allowed disabled:opacity-50 cursor-pointer\"\u001b[39m\n                  \u001b[33mdata-radix-collection-item\u001b[39m=\u001b[32m\"\"\u001b[39m\n                  \u001b[33mdata-state\u001b[39m=\u001b[32m\"checked\"\u001b[39m\n                  \u001b[33mdata-testid\u001b[39m=\u001b[32m\"user-type-private\"\u001b[39m\n                  \u001b[33mid\u001b[39m=\u001b[32m\"user-type-private\"\u001b[39m\n                  \u001b[33mrole\u001b[39m=\u001b[32m\"radio\"\u001b[39m\n                  \u001b[33mtabindex\u001b[39m=\u001b[32m\"-1\"\u001b[39m\n                  \u001b[33mtype\u001b[39m=\u001b[32m\"button\"\u001b[39m\n                  \u001b[33mvalue\u001b[39m=\u001b[32m\"private\"\u001b[39m\n                \u001b[36m>\u001b[39m\n                  \u001b[36m<span\u001b[39m\n                    \u001b[33mclass\u001b[39m=\u001b[32m\"flex items-center justify-center\"\u001b[39m\n                    \u001b[33mdata-state\u001b[39m=\u001b[32m\"checked\"\u001b[39m\n                  \u001b[36m>\u001b[39m\n                    \u001b[36m<div\u001b[39m\n                      \u001b[33mdata-testid\u001b[39m=\u001b[32m\"circle-icon\"\u001b[39m\n                    \u001b[36m/>\u001b[39m\n                  \u001b[36m</span>\u001b[39m\n                \u001b[36m</button>\u001b[39m\n                \u001b[36m<input\u001b[39m\n                  \u001b[33maria-hidden\u001b[39m=\u001b[32m\"true\"\u001b[39m\n                  \u001b[33mchecked\u001b[39m=\u001b[32m\"\"\u001b[39m\n                  \u001b[33mstyle\u001b[39m=\u001b[32m\"transform: translateX(-100%); position: absolute; pointer-events: none; opacity: 0; margin: 0px; width: 0px; height: 0px;\"\u001b[39m\n                  \u001b[33mtabindex\u001b[39m=\u001b[32m\"-1\"\u001b[39m\n                  \u001b[33mtype\u001b[39m=\u001b[32m\"radio\"\u001b[39m\n                  \u001b[33mvalue\u001b[39m=\u001b[32m\"private\"\u001b[39m\n                \u001b[36m/>\u001b[39m\n                \u001b[36m<label\u001b[39m\n                  \u001b[33mclass\u001b[39m=\u001b[32m\"text-sm font-medium leading-none peer-disabled:cursor-not-allowed peer-disabled:opacity-70 cursor-pointer\"\u001b[39m\n                  \u001b[33mfor\u001b[39m=\u001b[32m\"user-type-private\"\u001b[39m\n                \u001b[36m>\u001b[39m\n                  \u001b[0mPersonal\u001b[0m\n                \u001b[36m</label>\u001b[39m\n              \u001b[36m</div>\u001b[39m\n              \u001b[36m<div\u001b[39m\n                \u001b[33mclass\u001b[39m=\u001b[32m\"flex items-center space-x-2\"\u001b[39m\n              \u001b[36m>\u001b[39m\n                \u001b[36m<button\u001b[39m\n                  \u001b[33maria-checked\u001b[39m=\u001b[32m\"false\"\u001b[39m\n                  \u001b[33mclass\u001b[39m=\u001b[32m\"aspect-square h-4 w-4 rounded-full border border-primary text-primary ring-offset-background focus:outline-none focus-visible:ring-2 focus-visible:ring-ring focus-visible:ring-offset-2 disabled:cursor-not-allowed disabled:opacity-50 cursor-pointer\"\u001b[39m\n                  \u001b[33mdata-radix-collection-item\u001b[39m=\u001b[32m\"\"\u001b[39m\n                  \u001b[33mdata-state\u001b[39m=\u001b[32m\"unchecked\"\u001b[39m\n                  \u001b[33mdata-testid\u001b[39m=\u001b[32m\"user-type-corporate\"\u001b[39m\n                  \u001b[33mid\u001b[39m=\u001b[32m\"user-type-corporate\"\u001b[39m\n                  \u001b[33mrole\u001b[39m=\u001b[32m\"radio\"\u001b[39m\n                  \u001b[33mtabindex\u001b[39m=\u001b[32m\"-1\"\u001b[39m\n                  \u001b[33mtype\u001b[39m=\u001b[32m\"button\"\u001b[39m\n                  \u001b[33mvalue\u001b[39m=\u001b[32m\"corporate\"\u001b[39m\n                \u001b[36m/>\u001b[39m\n                \u001b[36m<input\u001b[39m\n                  \u001b[33maria-hidden\u001b[39m=\u001b[32m\"true\"\u001b[39m\n                  \u001b[33mstyle\u001b[39m=\u001b[32m\"transform: translateX(-100%); position: absolute; pointer-events: none; opacity: 0; margin: 0px; width: 0px; height: 0px;\"\u001b[39m\n                  \u001b[33mtabindex\u001b[39m=\u001b[32m\"-1\"\u001b[39m\n                  \u001b[33mtype\u001b[39m=\u001b[32m\"radio\"\u001b[39m\n                  \u001b[33mvalue\u001b[39m=\u001b[32m\"corporate\"\u001b[39m\n                \u001b[36m/>\u001b[39m\n                \u001b[36m<label\u001b[39m\n                  \u001b[33mclass\u001b[39m=\u001b[32m\"text-sm font-medium leading-none peer-disabled:cursor-not-allowed peer-disabled:opacity-70 cursor-pointer\"\u001b[39m\n                  \u001b[33mfor\u001b[39m=\u001b[32m\"user-type-corporate\"\u001b[39m\n                \u001b[36m>\u001b[39m\n                  \u001b[0mBusiness\u001b[0m\n                \u001b[36m</label>\u001b[39m\n              \u001b[36m</div>\u001b[39m\n            \u001b[36m</div>\u001b[39m\n          \u001b[36m</div>\u001b[39m\n          \u001b[36m<div\u001b[39m\n            \u001b[33mclass\u001b[39m=\u001b[32m\"space-y-1.5\"\u001b[39m\n          \u001b[36m>\u001b[39m\n            \u001b[36m<label\u001b[39m\n              \u001b[33mclass\u001b[39m=\u001b[32m\"text-sm font-medium leading-none peer-disabled:cursor-not-allowed peer-disabled:opacity-70\"\u001b[39m\n              \u001b[33mfor\u001b[39m=\u001b[32m\"email\"\u001b[39m\n            \u001b[36m>\u001b[39m\n              \u001b[0mEmail\u001b[0m\n            \u001b[36m</label>\u001b[39m\n            \u001b[36m<input\u001b[39m\n              \u001b[33maria-describedby\u001b[39m=\u001b[32m\"email-error\"\u001b[39m\n              \u001b[33maria-invalid\u001b[39m=\u001b[32m\"true\"\u001b[39m\n              \u001b[33mautocomplete\u001b[39m=\u001b[32m\"email\"\u001b[39m\n              \u001b[33mclass\u001b[39m=\u001b[32m\"flex h-10 w-full rounded-md border bg-transparent px-3 py-2 text-sm shadow-sm transition-colors file:border-0 file:bg-transparent file:text-sm file:font-medium file:text-foreground placeholder:text-muted-foreground focus-visible:outline-none focus-visible:ring-1 focus-visible:ring-ring disabled:cursor-not-allowed disabled:opacity-50 touch-manipulation border-red-500\"\u001b[39m\n              \u001b[33mdata-testid\u001b[39m=\u001b[32m\"email-input\"\u001b[39m\n              \u001b[33mid\u001b[39m=\u001b[32m\"email\"\u001b[39m\n              \u001b[33minputmode\u001b[39m=\u001b[32m\"email\"\u001b[39m\n              \u001b[33mplaceholder\u001b[39m=\u001b[32...\n    at Proxy.expectWrapper (file:///C:/Dev/Projects/Products/Apps/user-management-reorganized/node_modules/@vitest/expect/dist/index.js:1655:12)\n    at Proxy.<anonymous> (file:///C:/Dev/Projects/Products/Apps/user-management-reorganized/node_modules/@vitest/expect/dist/index.js:944:14)\n    at Proxy.methodWrapper (file:///C:/Dev/Projects/Products/Apps/user-management-reorganized/node_modules/chai/chai.js:1618:25)\n    at __vi_import_1__.waitFor.timeout (C:\\Dev\\Projects\\Products\\Apps\\user-management-reorganized\\src\\ui\\headless\\auth\\__tests__\\registrationForm.test.tsx:220:77)\n    at runWithExpensiveErrorDiagnosticsDisabled (C:\\Dev\\Projects\\Products\\Apps\\user-management-reorganized\\node_modules\\@testing-library\\dom\\dist\\config.js:47:12)\n    at checkCallback (C:\\Dev\\Projects\\Products\\Apps\\user-management-reorganized\\node_modules\\@testing-library\\dom\\dist\\wait-for.js:124:77)\n    at Timeout.checkRealTimersCallback (C:\\Dev\\Projects\\Products\\Apps\\user-management-reorganized\\node_modules\\@testing-library\\dom\\dist\\wait-for.js:118:16)\n    at listOnTimeout (node:internal/timers:594:17)\n    at processTimers (node:internal/timers:529:7)"],"meta":{}},{"ancestorTitles":["RegistrationForm (headless)"],"fullName":"RegistrationForm (headless) calls register function with correct payload for Personal user","status":"passed","title":"calls register function with correct payload for Personal user","duration":1227.3544999999995,"failureMessages":[],"meta":{}},{"ancestorTitles":["RegistrationForm (headless)"],"fullName":"RegistrationForm (headless) shows API error message when registration fails","status":"passed","title":"shows API error message when registration fails","duration":1300.1832000000013,"failureMessages":[],"meta":{}},{"ancestorTitles":["RegistrationForm (headless)"],"fullName":"RegistrationForm (headless) disables form submission when loading","status":"passed","title":"disables form submission when loading","duration":1498.9526999999998,"failureMessages":[],"meta":{}},{"ancestorTitles":["RegistrationForm (headless)"],"fullName":"RegistrationForm (headless) shows corporate fields when Business user type is selected","status":"passed","title":"shows corporate fields when Business user type is selected","duration":95.05009999999675,"failureMessages":[],"meta":{}},{"ancestorTitles":["RegistrationForm (headless)"],"fullName":"RegistrationForm (headless) handles form submission with validation","status":"failed","title":"handles form submission with validation","duration":2119.0751999999993,"failureMessages":["Error: Found multiple elements with the text: /password must be at least 8 characters/i\n\nHere are the matching elements:\n\nIgnored nodes: comments, script, style\n\u001b[36m<p\u001b[39m\n  \u001b[33mclass\u001b[39m=\u001b[32m\"text-destructive text-sm mt-1\"\u001b[39m\n  \u001b[33mdata-testid\u001b[39m=\u001b[32m\"password-error\"\u001b[39m\n  \u001b[33mid\u001b[39m=\u001b[32m\"password-error\"\u001b[39m\n\u001b[36m>\u001b[39m\n  \u001b[0mPassword must be at least 8 characters\u001b[0m\n\u001b[36m</p>\u001b[39m\n\nIgnored nodes: comments, script, style\n\u001b[36m<span\u001b[39m\n  \u001b[33mclass\u001b[39m=\u001b[32m\"text-sm text-red-500\"\u001b[39m\n\u001b[36m>\u001b[39m\n  \u001b[0mPassword must be at least 8 characters\u001b[0m\n\u001b[36m</span>\u001b[39m\n\n(If this is intentional, then use the `*AllBy*` variant of the query (like `queryAllByText`, `getAllByText`, or `findAllByText`)).\n\nIgnored nodes: comments, script, style\n\u001b[36m<body>\u001b[39m\n  \u001b[36m<div>\u001b[39m\n    \u001b[36m<div\u001b[39m\n      \u001b[33mclass\u001b[39m=\u001b[32m\"w-full max-w-md mx-auto space-y-6\"\u001b[39m\n    \u001b[36m>\u001b[39m\n      \u001b[36m<form\u001b[39m\n        \u001b[33mclass\u001b[39m=\u001b[32m\"space-y-4\"\u001b[39m\n        \u001b[33mdata-testid\u001b[39m=\u001b[32m\"registration-form\"\u001b[39m\n      \u001b[36m>\u001b[39m\n        \u001b[36m<h1\u001b[39m\n          \u001b[33mclass\u001b[39m=\u001b[32m\"text-2xl font-bold text-center\"\u001b[39m\n        \u001b[36m>\u001b[39m\n          \u001b[0mCreate an Account\u001b[0m\n        \u001b[36m</h1>\u001b[39m\n        \u001b[36m<div\u001b[39m\n          \u001b[33mclass\u001b[39m=\u001b[32m\"space-y-2\"\u001b[39m\n        \u001b[36m>\u001b[39m\n          \u001b[36m<label\u001b[39m\n            \u001b[33mclass\u001b[39m=\u001b[32m\"text-sm font-medium leading-none peer-disabled:cursor-not-allowed peer-disabled:opacity-70\"\u001b[39m\n          \u001b[36m>\u001b[39m\n            \u001b[0mAccount Type\u001b[0m\n          \u001b[36m</label>\u001b[39m\n          \u001b[36m<div\u001b[39m\n            \u001b[33maria-required\u001b[39m=\u001b[32m\"false\"\u001b[39m\n            \u001b[33mclass\u001b[39m=\u001b[32m\"gap-2 flex flex-col space-y-2\"\u001b[39m\n            \u001b[33mdata-testid\u001b[39m=\u001b[32m\"user-type-radio-group\"\u001b[39m\n            \u001b[33mdir\u001b[39m=\u001b[32m\"ltr\"\u001b[39m\n            \u001b[33mrole\u001b[39m=\u001b[32m\"radiogroup\"\u001b[39m\n            \u001b[33mstyle\u001b[39m=\u001b[32m\"outline: none;\"\u001b[39m\n            \u001b[33mtabindex\u001b[39m=\u001b[32m\"0\"\u001b[39m\n          \u001b[36m>\u001b[39m\n            \u001b[36m<div\u001b[39m\n              \u001b[33mclass\u001b[39m=\u001b[32m\"flex items-center space-x-2\"\u001b[39m\n            \u001b[36m>\u001b[39m\n              \u001b[36m<button\u001b[39m\n                \u001b[33maria-checked\u001b[39m=\u001b[32m\"true\"\u001b[39m\n                \u001b[33mclass\u001b[39m=\u001b[32m\"aspect-square h-4 w-4 rounded-full border border-primary text-primary ring-offset-background focus:outline-none focus-visible:ring-2 focus-visible:ring-ring focus-visible:ring-offset-2 disabled:cursor-not-allowed disabled:opacity-50 cursor-pointer\"\u001b[39m\n                \u001b[33mdata-radix-collection-item\u001b[39m=\u001b[32m\"\"\u001b[39m\n                \u001b[33mdata-state\u001b[39m=\u001b[32m\"checked\"\u001b[39m\n                \u001b[33mdata-testid\u001b[39m=\u001b[32m\"user-type-private\"\u001b[39m\n                \u001b[33mid\u001b[39m=\u001b[32m\"user-type-private\"\u001b[39m\n                \u001b[33mrole\u001b[39m=\u001b[32m\"radio\"\u001b[39m\n                \u001b[33mtabindex\u001b[39m=\u001b[32m\"-1\"\u001b[39m\n                \u001b[33mtype\u001b[39m=\u001b[32m\"button\"\u001b[39m\n                \u001b[33mvalue\u001b[39m=\u001b[32m\"private\"\u001b[39m\n              \u001b[36m>\u001b[39m\n                \u001b[36m<span\u001b[39m\n                  \u001b[33mclass\u001b[39m=\u001b[32m\"flex items-center justify-center\"\u001b[39m\n                  \u001b[33mdata-state\u001b[39m=\u001b[32m\"checked\"\u001b[39m\n                \u001b[36m>\u001b[39m\n                  \u001b[36m<div\u001b[39m\n                    \u001b[33mdata-testid\u001b[39m=\u001b[32m\"circle-icon\"\u001b[39m\n                  \u001b[36m/>\u001b[39m\n                \u001b[36m</span>\u001b[39m\n              \u001b[36m</button>\u001b[39m\n              \u001b[36m<input\u001b[39m\n                \u001b[33maria-hidden\u001b[39m=\u001b[32m\"true\"\u001b[39m\n                \u001b[33mchecked\u001b[39m=\u001b[32m\"\"\u001b[39m\n                \u001b[33mstyle\u001b[39m=\u001b[32m\"transform: translateX(-100%); position: absolute; pointer-events: none; opacity: 0; margin: 0px; width: 0px; height: 0px;\"\u001b[39m\n                \u001b[33mtabindex\u001b[39m=\u001b[32m\"-1\"\u001b[39m\n                \u001b[33mtype\u001b[39m=\u001b[32m\"radio\"\u001b[39m\n                \u001b[33mvalue\u001b[39m=\u001b[32m\"private\"\u001b[39m\n              \u001b[36m/>\u001b[39m\n              \u001b[36m<label\u001b[39m\n                \u001b[33mclass\u001b[39m=\u001b[32m\"text-sm font-medium leading-none peer-disabled:cursor-not-allowed peer-disabled:opacity-70 cursor-pointer\"\u001b[39m\n                \u001b[33mfor\u001b[39m=\u001b[32m\"user-type-private\"\u001b[39m\n              \u001b[36m>\u001b[39m\n                \u001b[0mPersonal\u001b[0m\n              \u001b[36m</label>\u001b[39m\n            \u001b[36m</div>\u001b[39m\n            \u001b[36m<div\u001b[39m\n              \u001b[33mclass\u001b[39m=\u001b[32m\"flex items-center space-x-2\"\u001b[39m\n            \u001b[36m>\u001b[39m\n              \u001b[36m<button\u001b[39m\n                \u001b[33maria-checked\u001b[39m=\u001b[32m\"false\"\u001b[39m\n                \u001b[33mclass\u001b[39m=\u001b[32m\"aspect-square h-4 w-4 rounded-full border border-primary text-primary ring-offset-background focus:outline-none focus-visible:ring-2 focus-visible:ring-ring focus-visible:ring-offset-2 disabled:cursor-not-allowed disabled:opacity-50 cursor-pointer\"\u001b[39m\n                \u001b[33mdata-radix-collection-item\u001b[39m=\u001b[32m\"\"\u001b[39m\n                \u001b[33mdata-state\u001b[39m=\u001b[32m\"unchecked\"\u001b[39m\n                \u001b[33mdata-testid\u001b[39m=\u001b[32m\"user-type-corporate\"\u001b[39m\n                \u001b[33mid\u001b[39m=\u001b[32m\"user-type-corporate\"\u001b[39m\n                \u001b[33mrole\u001b[39m=\u001b[32m\"radio\"\u001b[39m\n                \u001b[33mtabindex\u001b[39m=\u001b[32m\"-1\"\u001b[39m\n                \u001b[33mtype\u001b[39m=\u001b[32m\"button\"\u001b[39m\n                \u001b[33mvalue\u001b[39m=\u001b[32m\"corporate\"\u001b[39m\n              \u001b[36m/>\u001b[39m\n              \u001b[36m<input\u001b[39m\n                \u001b[33maria-hidden\u001b[39m=\u001b[32m\"true\"\u001b[39m\n                \u001b[33mstyle\u001b[39m=\u001b[32m\"transform: translateX(-100%); position: absolute; pointer-events: none; opacity: 0; margin: 0px; width: 0px; height: 0px;\"\u001b[39m\n                \u001b[33mtabindex\u001b[39m=\u001b[32m\"-1\"\u001b[39m\n                \u001b[33mtype\u001b[39m=\u001b[32m\"radio\"\u001b[39m\n                \u001b[33mvalue\u001b[39m=\u001b[32m\"corporate\"\u001b[39m\n              \u001b[36m/>\u001b[39m\n              \u001b[36m<label\u001b[39m\n                \u001b[33mclass\u001b[39m=\u001b[32m\"text-sm font-medium leading-none peer-disabled:cursor-not-allowed peer-disabled:opacity-70 cursor-pointer\"\u001b[39m\n                \u001b[33mfor\u001b[39m=\u001b[32m\"user-type-corporate\"\u001b[39m\n              \u001b[36m>\u001b[39m\n                \u001b[0mBusiness\u001b[0m\n              \u001b[36m</label>\u001b[39m\n            \u001b[36m</div>\u001b[39m\n          \u001b[36m</div>\u001b[39m\n        \u001b[36m</div>\u001b[39m\n        \u001b[36m<div\u001b[39m\n          \u001b[33mclass\u001b[39m=\u001b[32m\"space-y-1.5\"\u001b[39m\n        \u001b[36m>\u001b[39m\n          \u001b[36m<label\u001b[39m\n            \u001b[33mclass\u001b[39m=\u001b[32m\"text-sm font-medium leading-none peer-disabled:cursor-not-allowed peer-disabled:opacity-70\"\u001b[39m\n            \u001b[33mfor\u001b[39m=\u001b[32m\"email\"\u001b[39m\n          \u001b[36m>\u001b[39m\n            \u001b[0mEmail\u001b[0m\n          \u001b[36m</label>\u001b[39m\n          \u001b[36m<input\u001b[39m\n            \u001b[33maria-describedby\u001b[39m=\u001b[32m\"email-error\"\u001b[39m\n            \u001b[33maria-invalid\u001b[39m=\u001b[32m\"true\"\u001b[39m\n            \u001b[33mautocomplete\u001b[39m=\u001b[32m\"email\"\u001b[39m\n            \u001b[33mclass\u001b[39m=\u001b[32m\"flex h-10 w-full rounded-md border bg-transparent px-3 py-2 text-sm shadow-sm transition-colors file:border-0 file:bg-transparent file:text-sm file:font-medium file:text-foreground placeholder:text-muted-foreground focus-visible:outline-none focus-visible:ring-1 focus-visible:ring-ring disabled:cursor-not-allowed disabled:opacity-50 touch-manipulation border-red-500\"\u001b[39m\n            \u001b[33mdata-testid\u001b[39m=\u001b[32m\"email-input\"\u001b[39m\n            \u001b[33mid\u001b[39m=\u001b[32m\"email\"\u001b[39m\n            \u001b[33minputmode\u001b[39m=\u001b[32m\"email\"\u001b[39m\n            \u001b[33mplaceholder\u001b[39m=\u001b[32m\"your.email@example.com\"\u001b[39m\n            \u001b[33mtype\u001b[39m=\u001b[32m\"email\"\u001b[39m\n            \u001b[33mvalue\u001b[39m=\u001b[32m\"\"\u001b[39m\n          \u001b[36m/>\u001b[39m\n          \u001b[36m<p\u001b[39m\n            \u001b[33mclass\u001b[39m=\u001b[32m\"text-destructive text-sm mt-1\"\u001b[39m\n            \u001b[33mdata-testid\u001b[39m=\u001b[32m\"email-error\"\u001b[39m\n            \u001b[33mid\u001b[39m=\u001b[32m\"email-error\"\u001b[39m\n          \u001b[36m>\u001b[39m\n            \u001b[0mPlease enter a valid email address\u001b[0m\n          \u001b[36m</p>\u001b[39m\n        \u001b[36m</div>\u001b[39m\n        \u001b[36m<div\u001b[39m\n          \u001b[33mclass\u001b[39m=\u001b[32m\"grid grid-cols-2 gap-4\"\u001b[39m\n        \u001b[36m>\u001b[...\n    at Proxy.waitForWrapper (C:\\Dev\\Projects\\Products\\Apps\\user-management-reorganized\\node_modules\\@testing-library\\dom\\dist\\wait-for.js:163:27)\n    at C:\\Dev\\Projects\\Products\\Apps\\user-management-reorganized\\src\\ui\\headless\\auth\\__tests__\\registrationForm.test.tsx:354:11\n    at file:///C:/Dev/Projects/Products/Apps/user-management-reorganized/node_modules/@vitest/runner/dist/index.js:596:20"],"meta":{}},{"ancestorTitles":["RegistrationForm (headless)"],"fullName":"RegistrationForm (headless) resets corporate fields when switching back to Personal user type","status":"passed","title":"resets corporate fields when switching back to Personal user type","duration":357.20790000000125,"failureMessages":[],"meta":{}},{"ancestorTitles":["RegistrationForm (headless)"],"fullName":"RegistrationForm (headless) shows validation error for password missing uppercase letter","status":"passed","title":"shows validation error for password missing uppercase letter","duration":281.96740000000136,"failureMessages":[],"meta":{}},{"ancestorTitles":["RegistrationForm (headless)"],"fullName":"RegistrationForm (headless) shows validation error for password missing lowercase letter","status":"passed","title":"shows validation error for password missing lowercase letter","duration":311.8754000000008,"failureMessages":[],"meta":{}},{"ancestorTitles":["RegistrationForm (headless)"],"fullName":"RegistrationForm (headless) shows validation error for password missing number","status":"passed","title":"shows validation error for password missing number","duration":233.40399999999863,"failureMessages":[],"meta":{}},{"ancestorTitles":["RegistrationForm (headless)"],"fullName":"RegistrationForm (headless) shows validation error for password being too short","status":"passed","title":"shows validation error for password being too short","duration":267.0955000000031,"failureMessages":[],"meta":{}},{"ancestorTitles":["RegistrationForm (headless)"],"fullName":"RegistrationForm (headless) toggles password visibility","status":"skipped","title":"toggles password visibility","failureMessages":[],"meta":{}},{"ancestorTitles":["RegistrationForm (headless)"],"fullName":"RegistrationForm (headless) shows password requirements helper on password focus and updates criteria","status":"passed","title":"shows password requirements helper on password focus and updates criteria","duration":231.04869999999937,"failureMessages":[],"meta":{}},{"ancestorTitles":["RegistrationForm (headless)"],"fullName":"RegistrationForm (headless) renders social login buttons (OAuthButtons) for Google and Apple sign up","status":"passed","title":"renders social login buttons (OAuthButtons) for Google and Apple sign up","duration":62.10719999999856,"failureMessages":[],"meta":{}}],"startTime":1749668216545,"endTime":1749668233376.1072,"status":"failed","message":"","name":"C:/Dev/Projects/Products/Apps/user-management-reorganized/src/ui/headless/auth/__tests__/registrationForm.test.tsx"}]}