{"numTotalTestSuites":9,"numPassedTestSuites":9,"numFailedTestSuites":0,"numPendingTestSuites":0,"numTotalTests":11,"numPassedTests":11,"numFailedTests":0,"numPendingTests":0,"numTodoTests":0,"snapshot":{"added":0,"failure":false,"filesAdded":0,"filesRemoved":0,"filesRemovedList":[],"filesUnmatched":0,"filesUpdated":0,"matched":0,"total":0,"unchecked":0,"uncheckedKeysByFile":[],"unmatched":0,"updated":0,"didUpdate":false},"startTime":1749212754547,"success":true,"testResults":[{"assertionResults":[{"ancestorTitles":["AdapterRegistry","registerFactory"],"fullName":"AdapterRegistry registerFactory should register a factory","status":"passed","title":"should register a factory","duration":3.370999999999185,"failureMessages":[],"meta":{}},{"ancestorTitles":["AdapterRegistry","registerFactory"],"fullName":"AdapterRegistry registerFactory should throw if factory is already registered","status":"passed","title":"should throw if factory is already registered","duration":1.6203000000004977,"failureMessages":[],"meta":{}},{"ancestorTitles":["AdapterRegistry","getFactory"],"fullName":"AdapterRegistry getFactory should get a registered factory","status":"passed","title":"should get a registered factory","duration":2.5348000000003594,"failureMessages":[],"meta":{}},{"ancestorTitles":["AdapterRegistry","getFactory"],"fullName":"AdapterRegistry getFactory should throw if factory is not found","status":"passed","title":"should throw if factory is not found","duration":1.6244999999998981,"failureMessages":[],"meta":{}},{"ancestorTitles":["AdapterRegistry","isAdapterAvailable"],"fullName":"AdapterRegistry isAdapterAvailable should return true for registered adapters","status":"passed","title":"should return true for registered adapters","duration":1.6970000000001164,"failureMessages":[],"meta":{}},{"ancestorTitles":["AdapterRegistry","isAdapterAvailable"],"fullName":"AdapterRegistry isAdapterAvailable should return false for unregistered adapters","status":"passed","title":"should return false for unregistered adapters","duration":1.0600000000004002,"failureMessages":[],"meta":{}},{"ancestorTitles":["SupabaseAdapterFactory"],"fullName":"SupabaseAdapterFactory should create a SupabaseAdapterFactory instance","status":"passed","title":"should create a SupabaseAdapterFactory instance","duration":0.4265000000004875,"failureMessages":[],"meta":{}},{"ancestorTitles":["SupabaseAdapterFactory","createAuthProvider"],"fullName":"SupabaseAdapterFactory createAuthProvider should create an auth provider with the provided options","status":"passed","title":"should create an auth provider with the provided options","duration":1.8585999999995693,"failureMessages":[],"meta":{}},{"ancestorTitles":["createSupabaseAdapterFactory"],"fullName":"createSupabaseAdapterFactory should create a SupabaseAdapterFactory with the provided options","status":"passed","title":"should create a SupabaseAdapterFactory with the provided options","duration":0.5027000000000044,"failureMessages":[],"meta":{}},{"ancestorTitles":["instance adapter registry"],"fullName":"instance adapter registry registers and retrieves adapters","status":"passed","title":"registers and retrieves adapters","duration":0.43069999999988795,"failureMessages":[],"meta":{}},{"ancestorTitles":["instance adapter registry"],"fullName":"instance adapter registry throws when adapter missing","status":"passed","title":"throws when adapter missing","duration":0.28219999999964784,"failureMessages":[],"meta":{}}],"startTime":1749212758555,"endTime":1749212758572.2822,"status":"passed","message":"","name":"C:/Dev/Projects/Products/Apps/user-management-reorganized/src/adapters/__tests__/registry.test.ts"}]}