{"numTotalTestSuites":9,"numPassedTestSuites":9,"numFailedTestSuites":0,"numPendingTestSuites":0,"numTotalTests":11,"numPassedTests":11,"numFailedTests":0,"numPendingTests":0,"numTodoTests":0,"snapshot":{"added":0,"failure":false,"filesAdded":0,"filesRemoved":0,"filesRemovedList":[],"filesUnmatched":0,"filesUpdated":0,"matched":0,"total":0,"unchecked":0,"uncheckedKeysByFile":[],"unmatched":0,"updated":0,"didUpdate":false},"startTime":1749212754547,"success":true,"testResults":[{"assertionResults":[{"ancestorTitles":["AdapterRegistry","registerFactory"],"fullName":"AdapterRegistry registerFactory should register a factory","status":"passed","title":"should register a factory","duration":2.657399999909103,"failureMessages":[],"meta":{}},{"ancestorTitles":["AdapterRegistry","registerFactory"],"fullName":"AdapterRegistry registerFactory should throw if factory is already registered","status":"passed","title":"should throw if factory is already registered","duration":1.4106000000610948,"failureMessages":[],"meta":{}},{"ancestorTitles":["AdapterRegistry","getFactory"],"fullName":"AdapterRegistry getFactory should get a registered factory","status":"passed","title":"should get a registered factory","duration":1.8407999998889863,"failureMessages":[],"meta":{}},{"ancestorTitles":["AdapterRegistry","getFactory"],"fullName":"AdapterRegistry getFactory should throw if factory is not found","status":"passed","title":"should throw if factory is not found","duration":0.6495999996550381,"failureMessages":[],"meta":{}},{"ancestorTitles":["AdapterRegistry","isAdapterAvailable"],"fullName":"AdapterRegistry isAdapterAvailable should return true for registered adapters","status":"passed","title":"should return true for registered adapters","duration":0.7105000000447035,"failureMessages":[],"meta":{}},{"ancestorTitles":["AdapterRegistry","isAdapterAvailable"],"fullName":"AdapterRegistry isAdapterAvailable should return false for unregistered adapters","status":"passed","title":"should return false for unregistered adapters","duration":0.5252999998629093,"failureMessages":[],"meta":{}},{"ancestorTitles":["SupabaseAdapterFactory"],"fullName":"SupabaseAdapterFactory should create a SupabaseAdapterFactory instance","status":"passed","title":"should create a SupabaseAdapterFactory instance","duration":0.21890000021085143,"failureMessages":[],"meta":{}},{"ancestorTitles":["SupabaseAdapterFactory","createAuthProvider"],"fullName":"SupabaseAdapterFactory createAuthProvider should create an auth provider with the provided options","status":"passed","title":"should create an auth provider with the provided options","duration":1.1522999997250736,"failureMessages":[],"meta":{}},{"ancestorTitles":["createSupabaseAdapterFactory"],"fullName":"createSupabaseAdapterFactory should create a SupabaseAdapterFactory with the provided options","status":"passed","title":"should create a SupabaseAdapterFactory with the provided options","duration":0.3215000000782311,"failureMessages":[],"meta":{}},{"ancestorTitles":["instance adapter registry"],"fullName":"instance adapter registry registers and retrieves adapters","status":"passed","title":"registers and retrieves adapters","duration":0.24940000008791685,"failureMessages":[],"meta":{}},{"ancestorTitles":["instance adapter registry"],"fullName":"instance adapter registry throws when adapter missing","status":"passed","title":"throws when adapter missing","duration":0.1777999997138977,"failureMessages":[],"meta":{}}],"startTime":1749215733601,"endTime":1749215733611.3215,"status":"passed","message":"","name":"C:/Dev/Projects/Products/Apps/user-management-reorganized/src/adapters/__tests__/registry.test.ts"}]}