{"numTotalTestSuites":2,"numPassedTestSuites":2,"numFailedTestSuites":0,"numPendingTestSuites":0,"numTotalTests":2,"numPassedTests":2,"numFailedTests":0,"numPendingTests":0,"numTodoTests":0,"snapshot":{"added":0,"failure":false,"filesAdded":0,"filesRemoved":0,"filesRemovedList":[],"filesUnmatched":0,"filesUpdated":0,"matched":0,"total":0,"unchecked":0,"uncheckedKeysByFile":[],"unmatched":0,"updated":0,"didUpdate":false},"startTime":1748942892616,"success":true,"testResults":[{"assertionResults":[{"ancestorTitles":["error-system"],"fullName":"error-system reports error using reporter and telemetry","status":"passed","title":"reports error using reporter and telemetry","duration":2.585030000000188,"failureMessages":[],"meta":{}},{"ancestorTitles":["error-system"],"fullName":"error-system registers global handlers on init","status":"passed","title":"registers global handlers on init","duration":3.8618000000001302,"failureMessages":[],"meta":{}}],"startTime":1748942895120,"endTime":1748942895126.8618,"status":"passed","message":"","name":"/workspace/User-Mgmt/src/lib/monitoring/__tests__/error-system.test.ts"}]}
