{"numTotalTestSuites":4,"numPassedTestSuites":4,"numFailedTestSuites":0,"numPendingTestSuites":0,"numTotalTests":5,"numPassedTests":5,"numFailedTests":0,"numPendingTests":0,"numTodoTests":0,"snapshot":{"added":0,"failure":false,"filesAdded":0,"filesRemoved":0,"filesRemovedList":[],"filesUnmatched":0,"filesUpdated":0,"matched":0,"total":0,"unchecked":0,"uncheckedKeysByFile":[],"unmatched":0,"updated":0,"didUpdate":false},"startTime":1749759924943,"success":true,"testResults":[{"assertionResults":[{"ancestorTitles":["admin saved-searches route"],"fullName":"admin saved-searches route GET returns saved searches","status":"passed","title":"GET returns saved searches","duration":27.399199999999837,"failureMessages":[],"meta":{}},{"ancestorTitles":["admin saved-searches route"],"fullName":"admin saved-searches route POST creates a saved search","status":"passed","title":"POST creates a saved search","duration":11.437800000000607,"failureMessages":[],"meta":{}}],"startTime":1749759928775,"endTime":1749759928814.4377,"status":"passed","message":"","name":"C:/Dev/Projects/Products/Apps/user-management-reorganized/app/api/admin/saved-searches/__tests__/route.test.ts"},{"assertionResults":[{"ancestorTitles":["admin saved-search [id] route"],"fullName":"admin saved-search [id] route GET returns saved search","status":"passed","title":"GET returns saved search","duration":23.594200000000455,"failureMessages":[],"meta":{}},{"ancestorTitles":["admin saved-search [id] route"],"fullName":"admin saved-search [id] route PATCH updates saved search","status":"passed","title":"PATCH updates saved search","duration":10.305199999999786,"failureMessages":[],"meta":{}},{"ancestorTitles":["admin saved-search [id] route"],"fullName":"admin saved-search [id] route DELETE removes saved search","status":"passed","title":"DELETE removes saved search","duration":6.532599999999547,"failureMessages":[],"meta":{}}],"startTime":1749759928776,"endTime":1749759928816.5327,"status":"passed","message":"","name":"C:/Dev/Projects/Products/Apps/user-management-reorganized/app/api/admin/saved-searches/[id]/__tests__/route.test.ts"}]}