{"numTotalTestSuites":2,"numPassedTestSuites":2,"numFailedTestSuites":0,"numPendingTestSuites":0,"numTotalTests":5,"numPassedTests":4,"numFailedTests":0,"numPendingTests":1,"numTodoTests":0,"snapshot":{"added":0,"failure":false,"filesAdded":0,"filesRemoved":0,"filesRemovedList":[],"filesUnmatched":0,"filesUpdated":0,"matched":0,"total":0,"unchecked":0,"uncheckedKeysByFile":[],"unmatched":0,"updated":0,"didUpdate":false},"startTime":1749158045464,"success":true,"testResults":[{"assertionResults":[{"ancestorTitles":["POST /api/auth/send-verification-email"],"fullName":"POST /api/auth/send-verification-email returns 429 when rate limited","status":"skipped","title":"returns 429 when rate limited","failureMessages":[],"meta":{}},{"ancestorTitles":["POST /api/auth/send-verification-email"],"fullName":"POST /api/auth/send-verification-email validates request body","status":"passed","title":"validates request body","duration":13.01220000000012,"failureMessages":[],"meta":{}},{"ancestorTitles":["POST /api/auth/send-verification-email"],"fullName":"POST /api/auth/send-verification-email returns success when service succeeds","status":"passed","title":"returns success when service succeeds","duration":7.882200000000012,"failureMessages":[],"meta":{}},{"ancestorTitles":["POST /api/auth/send-verification-email"],"fullName":"POST /api/auth/send-verification-email still returns success when service fails","status":"passed","title":"still returns success when service fails","duration":4.6348000000002685,"failureMessages":[],"meta":{}},{"ancestorTitles":["POST /api/auth/send-verification-email"],"fullName":"POST /api/auth/send-verification-email handles unexpected errors","status":"passed","title":"handles unexpected errors","duration":6.388699999999972,"failureMessages":[],"meta":{}}],"startTime":1749158046882,"endTime":1749158046914.3887,"status":"passed","message":"","name":"C:/Dev/Projects/Products/Apps/user-management-reorganized/app/api/auth/send-verification-email/__tests__/route.test.ts"}]}