{"numTotalTestSuites":2,"numPassedTestSuites":0,"numFailedTestSuites":2,"numPendingTestSuites":0,"numTotalTests":5,"numPassedTests":4,"numFailedTests":1,"numPendingTests":0,"numTodoTests":0,"snapshot":{"added":0,"failure":false,"filesAdded":0,"filesRemoved":0,"filesRemovedList":[],"filesUnmatched":0,"filesUpdated":0,"matched":0,"total":0,"unchecked":0,"uncheckedKeysByFile":[],"unmatched":0,"updated":0,"didUpdate":false},"startTime":1748896451401,"success":false,"testResults":[{"assertionResults":[{"ancestorTitles":["POST /api/auth/register"],"fullName":"POST /api/auth/register validates request body","status":"passed","title":"validates request body","duration":20.722799986600876,"failureMessages":[],"meta":{}},{"ancestorTitles":["POST /api/auth/register"],"fullName":"POST /api/auth/register returns success on valid registration","status":"passed","title":"returns success on valid registration","duration":13.759700000286102,"failureMessages":[],"meta":{}},{"ancestorTitles":["POST /api/auth/register"],"fullName":"POST /api/auth/register returns 409 when user exists","status":"passed","title":"returns 409 when user exists","duration":18.549799993634224,"failureMessages":[],"meta":{}},{"ancestorTitles":["POST /api/auth/register"],"fullName":"POST /api/auth/register handles service errors","status":"passed","title":"handles service errors","duration":4.033399999141693,"failureMessages":[],"meta":{}},{"ancestorTitles":["POST /api/auth/register"],"fullName":"POST /api/auth/register returns 429 when rate limited","status":"failed","title":"returns 429 when rate limited","duration":15.268799990415573,"failureMessages":["AssertionError: expected 201 to be 429 // Object.is equality\n    at C:\\Dev\\Projects\\Products\\Apps\\user-management-reorganized\\app\\api\\auth\\register\\__tests__\\route.test.ts:95:24\n    at file:///C:/Dev/Projects/Products/Apps/user-management-reorganized/node_modules/@vitest/runner/dist/index.js:596:20"],"meta":{}}],"startTime":1748979065217,"endTime":1748979065290.2688,"status":"failed","message":"","name":"C:/Dev/Projects/Products/Apps/user-management-reorganized/app/api/auth/register/__tests__/route.test.ts"}]}