{"numTotalTestSuites":2,"numPassedTestSuites":2,"numFailedTestSuites":0,"numPendingTestSuites":0,"numTotalTests":3,"numPassedTests":3,"numFailedTests":0,"numPendingTests":0,"numTodoTests":0,"snapshot":{"added":0,"failure":false,"filesAdded":0,"filesRemoved":0,"filesRemovedList":[],"filesUnmatched":0,"filesUpdated":0,"matched":0,"total":0,"unchecked":0,"uncheckedKeysByFile":[],"unmatched":0,"updated":0,"didUpdate":false},"startTime":1749757311426,"success":true,"testResults":[{"assertionResults":[{"ancestorTitles":["webhook id route"],"fullName":"webhook id route returns webhook","status":"passed","title":"returns webhook","duration":13.979600000000119,"failureMessages":[],"meta":{}},{"ancestorTitles":["webhook id route"],"fullName":"webhook id route updates webhook","status":"passed","title":"updates webhook","duration":4.288300000000163,"failureMessages":[],"meta":{}},{"ancestorTitles":["webhook id route"],"fullName":"webhook id route deletes webhook","status":"passed","title":"deletes webhook","duration":3.5245999999997366,"failureMessages":[],"meta":{}}],"startTime":1749757313665,"endTime":1749757313687.5247,"status":"passed","message":"","name":"C:/Dev/Projects/Products/Apps/user-management-reorganized/app/api/webhooks/[webhookId]/__tests__/route.test.ts"}]}