{"numTotalTestSuites":146,"numPassedTestSuites":104,"numFailedTestSuites":42,"numPendingTestSuites":0,"numTotalTests":248,"numPassedTests":210,"numFailedTests":38,"numPendingTests":0,"numTodoTests":0,"startTime":1746298677476,"success":false,"testResults":[{"assertionResults":[],"startTime":1746298677476,"endTime":1746298677476,"status":"failed","message":"Failed to resolve import \"../api/axios\" from \"src/hooks/usePayment.ts\". Does the file exist?","name":"C:/Dev/Projects/Products/Apps/user-management-reorganized/src/hooks/__tests__/usePayment.test.ts"},{"assertionResults":[],"startTime":1746298677476,"endTime":1746298677476,"status":"failed","message":"Transform failed with 1 error:\nC:/Dev/Projects/Products/Apps/user-management-reorganized/src/hooks/usePermission.ts:58:18: ERROR: Expected \">\" but found \"className\"","name":"C:/Dev/Projects/Products/Apps/user-management-reorganized/src/hooks/__tests__/usePermission.test.tsx"},{"assertionResults":[{"ancestorTitles":["","useSubscription"],"fullName":" useSubscription should fetch subscription status successfully","status":"failed","title":"should fetch subscription status successfully","duration":97,"failureMessages":["expected false to be true // Object.is equality"],"location":{"line":29,"column":38}},{"ancestorTitles":["","useSubscription"],"fullName":" useSubscription should handle fetch error","status":"passed","title":"should handle fetch error","duration":23,"failureMessages":[]},{"ancestorTitles":["","useSubscription"],"fullName":" useSubscription should create checkout session","status":"passed","title":"should create checkout session","duration":39,"failureMessages":[]},{"ancestorTitles":["","useSubscription"],"fullName":" useSubscription should create customer portal session","status":"passed","title":"should create customer portal session","duration":18,"failureMessages":[]},{"ancestorTitles":["","useSubscription"],"fullName":" useSubscription should cancel subscription","status":"passed","title":"should cancel subscription","duration":15,"failureMessages":[]},{"ancestorTitles":["","useSubscription"],"fullName":" useSubscription should provide subscription status helpers","status":"passed","title":"should provide subscription status helpers","duration":16,"failureMessages":[]}],"startTime":1746298720147,"endTime":1746298720355,"status":"failed","message":"","name":"C:/Dev/Projects/Products/Apps/user-management-reorganized/src/hooks/__tests__/useSubscription.test.ts"},{"assertionResults":[{"ancestorTitles":["","useTeamInvite"],"fullName":" useTeamInvite should send an invitation successfully","status":"passed","title":"should send an invitation successfully","duration":146,"failureMessages":[]},{"ancestorTitles":["","useTeamInvite"],"fullName":" useTeamInvite should handle invitation failure","status":"passed","title":"should handle invitation failure","duration":92,"failureMessages":[]},{"ancestorTitles":["","useTeamInvite"],"fullName":" useTeamInvite should handle network errors","status":"passed","title":"should handle network errors","duration":92,"failureMessages":[]}],"startTime":1746298726291,"endTime":1746298726621,"status":"passed","message":"","name":"C:/Dev/Projects/Products/Apps/user-management-reorganized/src/hooks/__tests__/useTeamInvite.test.tsx"},{"assertionResults":[],"startTime":1746298677476,"endTime":1746298677476,"status":"failed","message":"Failed to resolve import \"node-mocks-http\" from \"src/middleware/__tests__/audit-log.test.ts\". Does the file exist?","name":"C:/Dev/Projects/Products/Apps/user-management-reorganized/src/middleware/__tests__/audit-log.test.ts"},{"assertionResults":[],"startTime":1746298677476,"endTime":1746298677476,"status":"failed","message":"Failed to resolve import \"node-mocks-http\" from \"src/middleware/__tests__/auth.test.js\". Does the file exist?","name":"C:/Dev/Projects/Products/Apps/user-management-reorganized/src/middleware/__tests__/auth.test.js"},{"assertionResults":[{"ancestorTitles":["","CSRF Middleware","Token Generation"],"fullName":" CSRF Middleware Token Generation should generate a new token for GET requests without existing token","status":"failed","title":"should generate a new token for GET requests without existing token","duration":45,"failureMessages":["expected \"spy\" to be called with arguments: [ 'Set-Cookie', ArrayContaining{…} ]\u001b[90m\n\nReceived: \n\n\u001b[1m  1st spy call:\n\n\u001b[22m\u001b[2m  Array [\u001b[22m\n\u001b[2m    \"Set-Cookie\",\u001b[22m\n\u001b[32m-   ArrayContaining [\u001b[90m\n\u001b[32m-     StringContaining \"csrf-token=mock-token\",\u001b[90m\n\u001b[31m+   Array [\u001b[90m\n\u001b[31m+     \"csrf-token=b304ca754bf0abd4440db51f064cf0e3d53dc60b3ec3b4799a68dc1c7eb6c84d; Path=/; HttpOnly; SameSite=Strict\",\u001b[90m\n\u001b[2m    ],\u001b[22m\n\u001b[2m  ]\u001b[22m\n\u001b[39m\u001b[90m\n\nNumber of calls: \u001b[1m1\u001b[22m\n\u001b[39m"],"location":{"line":44,"column":29}},{"ancestorTitles":["","CSRF Middleware","Token Generation"],"fullName":" CSRF Middleware Token Generation should not generate a new token for GET requests with existing token","status":"passed","title":"should not generate a new token for GET requests with existing token","duration":5,"failureMessages":[]},{"ancestorTitles":["","CSRF Middleware","Token Validation"],"fullName":" CSRF Middleware Token Validation should validate matching tokens for POST requests","status":"passed","title":"should validate matching tokens for POST requests","duration":2,"failureMessages":[]},{"ancestorTitles":["","CSRF Middleware","Token Validation"],"fullName":" CSRF Middleware Token Validation should reject requests with missing tokens","status":"passed","title":"should reject requests with missing tokens","duration":10,"failureMessages":[]},{"ancestorTitles":["","CSRF Middleware","Token Validation"],"fullName":" CSRF Middleware Token Validation should reject requests with mismatched tokens","status":"passed","title":"should reject requests with mismatched tokens","duration":5,"failureMessages":[]},{"ancestorTitles":["","CSRF Middleware","Configuration Options"],"fullName":" CSRF Middleware Configuration Options should use custom cookie name when provided","status":"failed","title":"should use custom cookie name when provided","duration":6,"failureMessages":["expected \"spy\" to be called with arguments: [ 'Set-Cookie', ArrayContaining{…} ]\u001b[90m\n\nReceived: \n\n\u001b[1m  1st spy call:\n\n\u001b[22m\u001b[2m  Array [\u001b[22m\n\u001b[2m    \"Set-Cookie\",\u001b[22m\n\u001b[32m-   ArrayContaining [\u001b[90m\n\u001b[32m-     StringContaining \"custom-csrf=mock-token\",\u001b[90m\n\u001b[31m+   Array [\u001b[90m\n\u001b[31m+     \"custom-csrf=5a6b970472454ce2a3a0bd62e508df6f9fb67725898a00ab9f036580a1e6c2e9; Path=/; HttpOnly; SameSite=Strict\",\u001b[90m\n\u001b[2m    ],\u001b[22m\n\u001b[2m  ]\u001b[22m\n\u001b[39m\u001b[90m\n\nNumber of calls: \u001b[1m1\u001b[22m\n\u001b[39m"],"location":{"line":114,"column":29}},{"ancestorTitles":["","CSRF Middleware","Configuration Options"],"fullName":" CSRF Middleware Configuration Options should use custom header name when provided","status":"passed","title":"should use custom header name when provided","duration":2,"failureMessages":[]},{"ancestorTitles":["","CSRF Middleware","Configuration Options"],"fullName":" CSRF Middleware Configuration Options should set secure flag in production","status":"failed","title":"should set secure flag in production","duration":11,"failureMessages":["expected \"spy\" to be called with arguments: [ 'Set-Cookie', ArrayContaining{…} ]\u001b[90m\n\nReceived: \n\n\u001b[1m  1st spy call:\n\n\u001b[22m\u001b[2m  Array [\u001b[22m\n\u001b[2m    \"Set-Cookie\",\u001b[22m\n\u001b[32m-   ArrayContaining [\u001b[90m\n\u001b[32m-     StringContaining \"Secure\",\u001b[90m\n\u001b[31m+   Array [\u001b[90m\n\u001b[31m+     \"csrf-token=a22161820af5548d9cef53982453a2eee29e9cb8e6e01d64d0f1f1397a9c6063; Path=/; HttpOnly; SameSite=Strict\",\u001b[90m\n\u001b[2m    ],\u001b[22m\n\u001b[2m  ]\u001b[22m\n\u001b[39m\u001b[90m\n\nNumber of calls: \u001b[1m1\u001b[22m\n\u001b[39m"],"location":{"line":143,"column":29}},{"ancestorTitles":["","CSRF Middleware","getCSRFToken"],"fullName":" CSRF Middleware getCSRFToken should return token from cookies","status":"passed","title":"should return token from cookies","duration":2,"failureMessages":[]},{"ancestorTitles":["","CSRF Middleware","getCSRFToken"],"fullName":" CSRF Middleware getCSRFToken should return null when no token exists","status":"passed","title":"should return null when no token exists","duration":2,"failureMessages":[]}],"startTime":1746298716967,"endTime":1746298717059,"status":"failed","message":"","name":"C:/Dev/Projects/Products/Apps/user-management-reorganized/src/middleware/__tests__/csrf.test.ts"},{"assertionResults":[],"startTime":1746298677476,"endTime":1746298677476,"status":"failed","message":"Failed to resolve import \"node-mocks-http\" from \"src/middleware/__tests__/index.test.ts\". Does the file exist?","name":"C:/Dev/Projects/Products/Apps/user-management-reorganized/src/middleware/__tests__/index.test.ts"},{"assertionResults":[],"startTime":1746298677476,"endTime":1746298677476,"status":"failed","message":"Failed to resolve import \"../permissionMiddleware\" from \"src/middleware/__tests__/permissions.test.ts\". Does the file exist?","name":"C:/Dev/Projects/Products/Apps/user-management-reorganized/src/middleware/__tests__/permissions.test.ts"},{"assertionResults":[{"ancestorTitles":["","Rate Limiting","checkRateLimit"],"fullName":" Rate Limiting checkRateLimit should allow requests within rate limit","status":"passed","title":"should allow requests within rate limit","duration":16,"failureMessages":[]},{"ancestorTitles":["","Rate Limiting","checkRateLimit"],"fullName":" Rate Limiting checkRateLimit should block requests exceeding rate limit","status":"failed","title":"should block requests exceeding rate limit","duration":17,"failureMessages":["expected false to be true // Object.is equality"],"location":{"line":92,"column":25}},{"ancestorTitles":["","Rate Limiting","checkRateLimit"],"fullName":" Rate Limiting checkRateLimit should use IP address for rate limit key","status":"failed","title":"should use IP address for rate limit key","duration":17,"failureMessages":["expected \"spy\" to be called with arguments: [ Array(2) ]\u001b[90m\n\nReceived: \n\n\u001b[39m\u001b[90m\n\nNumber of calls: \u001b[1m0\u001b[22m\n\u001b[39m"],"location":{"line":102,"column":26}},{"ancestorTitles":["","Rate Limiting","checkRateLimit"],"fullName":" Rate Limiting checkRateLimit should use x-forwarded-for header when IP is not available","status":"failed","title":"should use x-forwarded-for header when IP is not available","duration":4,"failureMessages":["expected \"spy\" to be called with arguments: [ StringContaining \"10.0.0.1\", …(1) ]\u001b[90m\n\nReceived: \n\n\u001b[39m\u001b[90m\n\nNumber of calls: \u001b[1m0\u001b[22m\n\u001b[39m"],"location":{"line":117,"column":26}},{"ancestorTitles":["","Rate Limiting","checkRateLimit"],"fullName":" Rate Limiting checkRateLimit should clean up old entries before checking limit","status":"failed","title":"should clean up old entries before checking limit","duration":5,"failureMessages":["expected \"spy\" to be called with arguments: [ Any<String>, +0, 1746297807783 ]\u001b[90m\n\nReceived: \n\n\u001b[39m\u001b[90m\n\nNumber of calls: \u001b[1m0\u001b[22m\n\u001b[39m"],"location":{"line":131,"column":38}},{"ancestorTitles":["","Rate Limiting","Rate Limit Middleware"],"fullName":" Rate Limiting Rate Limit Middleware should allow requests within limit","status":"passed","title":"should allow requests within limit","duration":2,"failureMessages":[]},{"ancestorTitles":["","Rate Limiting","Rate Limit Middleware"],"fullName":" Rate Limiting Rate Limit Middleware should block requests exceeding limit","status":"failed","title":"should block requests exceeding limit","duration":1,"failureMessages":["expected \"spy\" to be called with arguments: [ 429 ]\u001b[90m\n\nReceived: \n\n\u001b[39m\u001b[90m\n\nNumber of calls: \u001b[1m0\u001b[22m\n\u001b[39m"],"location":{"line":170,"column":26}},{"ancestorTitles":["","Rate Limiting","Rate Limit Middleware"],"fullName":" Rate Limiting Rate Limit Middleware should add rate limit headers","status":"passed","title":"should add rate limit headers","duration":2,"failureMessages":[]},{"ancestorTitles":["","Rate Limiting","Rate Limit Middleware"],"fullName":" Rate Limiting Rate Limit Middleware should handle Redis errors gracefully","status":"passed","title":"should handle Redis errors gracefully","duration":1,"failureMessages":[]},{"ancestorTitles":["","Rate Limiting","Rate Limit Middleware"],"fullName":" Rate Limiting Rate Limit Middleware should use custom window size","status":"failed","title":"should use custom window size","duration":2,"failureMessages":["expected \"spy\" to be called with arguments: [ Any<String>, 1800 ]\u001b[90m\n\nReceived: \n\n\u001b[39m\u001b[90m\n\nNumber of calls: \u001b[1m0\u001b[22m\n\u001b[39m"],"location":{"line":214,"column":28}}],"startTime":1746298707723,"endTime":1746298707797,"status":"failed","message":"","name":"C:/Dev/Projects/Products/Apps/user-management-reorganized/src/middleware/__tests__/rate-limit.test.ts"},{"assertionResults":[],"startTime":1746298677476,"endTime":1746298677476,"status":"failed","message":"Failed to resolve import \"./security-headers\" from \"src/middleware/__tests__/security-headers.test.ts\". Does the file exist?","name":"C:/Dev/Projects/Products/Apps/user-management-reorganized/src/middleware/__tests__/security-headers.test.ts"},{"assertionResults":[{"ancestorTitles":["","Environment Variables"],"fullName":" Environment Variables required environment variables are defined in development","status":"failed","title":"required environment variables are defined in development","duration":17,"failureMessages":["jest is not defined"],"location":{"line":5,"column":5}},{"ancestorTitles":["","Environment Variables"],"fullName":" Environment Variables public variables are accessible but service key is not in client-side code","status":"failed","title":"public variables are accessible but service key is not in client-side code","duration":2,"failureMessages":["jest is not defined"],"location":{"line":5,"column":5}}],"startTime":1746298726684,"endTime":1746298726704,"status":"failed","message":"","name":"C:/Dev/Projects/Products/Apps/user-management-reorganized/src/lib/__tests__/config.test.js"},{"assertionResults":[],"startTime":1746298677476,"endTime":1746298677476,"status":"failed","message":"Failed to resolve import \"./DeleteAccountDialog\" from \"src/components/account/__tests__/DeleteAccountDialog.test.tsx\". Does the file exist?","name":"C:/Dev/Projects/Products/Apps/user-management-reorganized/src/components/account/__tests__/DeleteAccountDialog.test.tsx"},{"assertionResults":[],"startTime":1746298677476,"endTime":1746298677476,"status":"failed","message":"Transform failed with 1 error:\nC:/Dev/Projects/Products/Apps/user-management-reorganized/src/components/audit/AuditLogViewer.tsx:638:4: ERROR: Expected \")\" but found \"{\"","name":"C:/Dev/Projects/Products/Apps/user-management-reorganized/src/components/audit/__tests__/AuditLogViewer.test.tsx"},{"assertionResults":[{"ancestorTitles":["","BusinessSSOSetup"],"fullName":" BusinessSSOSetup shows loading state while fetching initial data","status":"passed","title":"shows loading state while fetching initial data","duration":599,"failureMessages":[]},{"ancestorTitles":["","BusinessSSOSetup"],"fullName":" BusinessSSOSetup shows loading state while saving","status":"passed","title":"shows loading state while saving","duration":530,"failureMessages":[]},{"ancestorTitles":["","BusinessSSOSetup"],"fullName":" BusinessSSOSetup handles save errors correctly","status":"passed","title":"handles save errors correctly","duration":345,"failureMessages":[]}],"startTime":1746298693133,"endTime":1746298694607,"status":"passed","message":"","name":"C:/Dev/Projects/Products/Apps/user-management-reorganized/src/components/auth/__tests__/BusinessSSOSetup.test.tsx"},{"assertionResults":[{"ancestorTitles":["","DomainBasedOrgMatching"],"fullName":" DomainBasedOrgMatching renders the component with initial state (disabled)","status":"failed","title":"renders the component with initial state (disabled)","duration":283,"failureMessages":["Found multiple elements by: [data-testid=\"switch\"]\n\nHere are the matching elements:\n\nIgnored nodes: comments, script, style\n\u001b[36m<input\u001b[39m\n  \u001b[33mdata-testid\u001b[39m=\u001b[32m\"switch\"\u001b[39m\n  \u001b[33mrole\u001b[39m=\u001b[32m\"switch\"\u001b[39m\n  \u001b[33mtype\u001b[39m=\u001b[32m\"checkbox\"\u001b[39m\n\u001b[36m/>\u001b[39m\n\nIgnored nodes: comments, script, style\n\u001b[36m<input\u001b[39m\n  \u001b[33mdata-testid\u001b[39m=\u001b[32m\"switch\"\u001b[39m\n  \u001b[33mrole\u001b[39m=\u001b[32m\"switch\"\u001b[39m\n  \u001b[33mtype\u001b[39m=\u001b[32m\"checkbox\"\u001b[39m\n\u001b[36m/>\u001b[39m\n\n(If this is intentional, then use the `*AllBy*` variant of the query (like `queryAllByText`, `getAllByText`, or `findAllByText`)).\n\nIgnored nodes: comments, script, style\n\u001b[36m<body>\u001b[39m\n  \u001b[36m<div>\u001b[39m\n    \u001b[36m<div\u001b[39m\n      \u001b[33mclass\u001b[39m=\u001b[32m\"w-full\"\u001b[39m\n      \u001b[33mdata-testid\u001b[39m=\u001b[32m\"card\"\u001b[39m\n    \u001b[36m>\u001b[39m\n      \u001b[36m<div\u001b[39m\n        \u001b[33mdata-testid\u001b[39m=\u001b[32m\"card-header\"\u001b[39m\n      \u001b[36m>\u001b[39m\n        \u001b[36m<div\u001b[39m\n          \u001b[33mclass\u001b[39m=\u001b[32m\"flex items-center gap-2\"\u001b[39m\n          \u001b[33mdata-testid\u001b[39m=\u001b[32m\"card-title\"\u001b[39m\n        \u001b[36m>\u001b[39m\n          \u001b[36m<svg\u001b[39m\n            \u001b[33mclass\u001b[39m=\u001b[32m\"lucide lucide-building h-5 w-5\"\u001b[39m\n            \u001b[33mfill\u001b[39m=\u001b[32m\"none\"\u001b[39m\n            \u001b[33mheight\u001b[39m=\u001b[32m\"24\"\u001b[39m\n            \u001b[33mstroke\u001b[39m=\u001b[32m\"currentColor\"\u001b[39m\n            \u001b[33mstroke-linecap\u001b[39m=\u001b[32m\"round\"\u001b[39m\n            \u001b[33mstroke-linejoin\u001b[39m=\u001b[32m\"round\"\u001b[39m\n            \u001b[33mstroke-width\u001b[39m=\u001b[32m\"2\"\u001b[39m\n            \u001b[33mviewBox\u001b[39m=\u001b[32m\"0 0 24 24\"\u001b[39m\n            \u001b[33mwidth\u001b[39m=\u001b[32m\"24\"\u001b[39m\n            \u001b[33mxmlns\u001b[39m=\u001b[32m\"http://www.w3.org/2000/svg\"\u001b[39m\n          \u001b[36m>\u001b[39m\n            \u001b[36m<rect\u001b[39m\n              \u001b[33mheight\u001b[39m=\u001b[32m\"20\"\u001b[39m\n              \u001b[33mrx\u001b[39m=\u001b[32m\"2\"\u001b[39m\n              \u001b[33mry\u001b[39m=\u001b[32m\"2\"\u001b[39m\n              \u001b[33mwidth\u001b[39m=\u001b[32m\"16\"\u001b[39m\n              \u001b[33mx\u001b[39m=\u001b[32m\"4\"\u001b[39m\n              \u001b[33my\u001b[39m=\u001b[32m\"2\"\u001b[39m\n            \u001b[36m/>\u001b[39m\n            \u001b[36m<path\u001b[39m\n              \u001b[33md\u001b[39m=\u001b[32m\"M9 22v-4h6v4\"\u001b[39m\n            \u001b[36m/>\u001b[39m\n            \u001b[36m<path\u001b[39m\n              \u001b[33md\u001b[39m=\u001b[32m\"M8 6h.01\"\u001b[39m\n            \u001b[36m/>\u001b[39m\n            \u001b[36m<path\u001b[39m\n              \u001b[33md\u001b[39m=\u001b[32m\"M16 6h.01\"\u001b[39m\n            \u001b[36m/>\u001b[39m\n            \u001b[36m<path\u001b[39m\n              \u001b[33md\u001b[39m=\u001b[32m\"M12 6h.01\"\u001b[39m\n            \u001b[36m/>\u001b[39m\n            \u001b[36m<path\u001b[39m\n              \u001b[33md\u001b[39m=\u001b[32m\"M12 10h.01\"\u001b[39m\n            \u001b[36m/>\u001b[39m\n            \u001b[36m<path\u001b[39m\n              \u001b[33md\u001b[39m=\u001b[32m\"M12 14h.01\"\u001b[39m\n            \u001b[36m/>\u001b[39m\n            \u001b[36m<path\u001b[39m\n              \u001b[33md\u001b[39m=\u001b[32m\"M16 10h.01\"\u001b[39m\n            \u001b[36m/>\u001b[39m\n            \u001b[36m<path\u001b[39m\n              \u001b[33md\u001b[39m=\u001b[32m\"M16 14h.01\"\u001b[39m\n            \u001b[36m/>\u001b[39m\n            \u001b[36m<path\u001b[39m\n              \u001b[33md\u001b[39m=\u001b[32m\"M8 10h.01\"\u001b[39m\n            \u001b[36m/>\u001b[39m\n            \u001b[36m<path\u001b[39m\n              \u001b[33md\u001b[39m=\u001b[32m\"M8 14h.01\"\u001b[39m\n            \u001b[36m/>\u001b[39m\n          \u001b[36m</svg>\u001b[39m\n          \u001b[0morg.domains.title\u001b[0m\n        \u001b[36m</div>\u001b[39m\n        \u001b[36m<div\u001b[39m\n          \u001b[33mdata-testid\u001b[39m=\u001b[32m\"card-description\"\u001b[39m\n        \u001b[36m>\u001b[39m\n          \u001b[0morg.domains.description\u001b[0m\n        \u001b[36m</div>\u001b[39m\n      \u001b[36m</div>\u001b[39m\n      \u001b[36m<div\u001b[39m\n        \u001b[33mclass\u001b[39m=\u001b[32m\"space-y-6\"\u001b[39m\n        \u001b[33mdata-testid\u001b[39m=\u001b[32m\"card-content\"\u001b[39m\n      \u001b[36m>\u001b[39m\n        \u001b[36m<div>\u001b[39m\n          \u001b[36m<h3\u001b[39m\n            \u001b[33mclass\u001b[39m=\u001b[32m\"text-lg font-medium mb-3\"\u001b[39m\n          \u001b[36m>\u001b[39m\n            \u001b[0morg.domains.currentDomains\u001b[0m\n          \u001b[36m</h3>\u001b[39m\n          \u001b[36m<div\u001b[39m\n            \u001b[33mclass\u001b[39m=\u001b[32m\"text-center p-6 border rounded-md border-dashed\"\u001b[39m\n          \u001b[36m>\u001b[39m\n            \u001b[36m<svg\u001b[39m\n              \u001b[33mclass\u001b[39m=\u001b[32m\"lucide lucide-globe mx-auto h-8 w-8 text-muted-foreground mb-2\"\u001b[39m\n              \u001b[33mfill\u001b[39m=\u001b[32m\"none\"\u001b[39m\n              \u001b[33mheight\u001b[39m=\u001b[32m\"24\"\u001b[39m\n              \u001b[33mstroke\u001b[39m=\u001b[32m\"currentColor\"\u001b[39m\n              \u001b[33mstroke-linecap\u001b[39m=\u001b[32m\"round\"\u001b[39m\n              \u001b[33mstroke-linejoin\u001b[39m=\u001b[32m\"round\"\u001b[39m\n              \u001b[33mstroke-width\u001b[39m=\u001b[32m\"2\"\u001b[39m\n              \u001b[33mviewBox\u001b[39m=\u001b[32m\"0 0 24 24\"\u001b[39m\n              \u001b[33mwidth\u001b[39m=\u001b[32m\"24\"\u001b[39m\n              \u001b[33mxmlns\u001b[39m=\u001b[32m\"http://www.w3.org/2000/svg\"\u001b[39m\n            \u001b[36m>\u001b[39m\n              \u001b[36m<circle\u001b[39m\n                \u001b[33mcx\u001b[39m=\u001b[32m\"12\"\u001b[39m\n                \u001b[33mcy\u001b[39m=\u001b[32m\"12\"\u001b[39m\n                \u001b[33mr\u001b[39m=\u001b[32m\"10\"\u001b[39m\n              \u001b[36m/>\u001b[39m\n              \u001b[36m<path\u001b[39m\n                \u001b[33md\u001b[39m=\u001b[32m\"M12 2a14.5 14.5 0 0 0 0 20 14.5 14.5 0 0 0 0-20\"\u001b[39m\n              \u001b[36m/>\u001b[39m\n              \u001b[36m<path\u001b[39m\n                \u001b[33md\u001b[39m=\u001b[32m\"M2 12h20\"\u001b[39m\n              \u001b[36m/>\u001b[39m\n            \u001b[36m</svg>\u001b[39m\n            \u001b[36m<p\u001b[39m\n              \u001b[33mclass\u001b[39m=\u001b[32m\"text-sm text-muted-foreground\"\u001b[39m\n            \u001b[36m>\u001b[39m\n              \u001b[0morg.domains.noDomains\u001b[0m\n            \u001b[36m</p>\u001b[39m\n          \u001b[36m</div>\u001b[39m\n        \u001b[36m</div>\u001b[39m\n        \u001b[36m<div\u001b[39m\n          \u001b[33mclass\u001b[39m=\u001b[32m\"shrink-0 bg-border h-[1px] w-full\"\u001b[39m\n          \u001b[33mdata-orientation\u001b[39m=\u001b[32m\"horizontal\"\u001b[39m\n          \u001b[33mrole\u001b[39m=\u001b[32m\"none\"\u001b[39m\n        \u001b[36m/>\u001b[39m\n        \u001b[36m<div>\u001b[39m\n          \u001b[36m<h3\u001b[39m\n            \u001b[33mclass\u001b[39m=\u001b[32m\"text-lg font-medium mb-3\"\u001b[39m\n          \u001b[36m>\u001b[39m\n            \u001b[0morg.domains.addDomain\u001b[0m\n          \u001b[36m</h3>\u001b[39m\n          \u001b[36m<form\u001b[39m\n            \u001b[33mclass\u001b[39m=\u001b[32m\"space-y-4\"\u001b[39m\n            \u001b[33mdata-testid\u001b[39m=\u001b[32m\"form\"\u001b[39m\n          \u001b[36m>\u001b[39m\n            \u001b[36m<form\u001b[39m\n              \u001b[33mclass\u001b[39m=\u001b[32m\"space-y-4\"\u001b[39m\n            \u001b[36m>\u001b[39m\n              \u001b[36m<div\u001b[39m\n                \u001b[33mdata-testid\u001b[39m=\u001b[32m\"form-item\"\u001b[39m\n              \u001b[36m>\u001b[39m\n                \u001b[36m<div\u001b[39m\n                  \u001b[33mdata-testid\u001b[39m=\u001b[32m\"form-label\"\u001b[39m\n                \u001b[36m>\u001b[39m\n                  \u001b[0morg.domains.domainLabel\u001b[0m\n                \u001b[36m</div>\u001b[39m\n                \u001b[36m<div\u001b[39m\n                  \u001b[33mdata-testid\u001b[39m=\u001b[32m\"form-control\"\u001b[39m\n                \u001b[36m>\u001b[39m\n                  \u001b[36m<input\u001b[39m\n                    \u001b[33mdata-testid\u001b[39m=\u001b[32m\"input\"\u001b[39m\n                    \u001b[33mname\u001b[39m=\u001b[32m\"domain\"\u001b[39m\n                    \u001b[33mplaceholder\u001b[39m=\u001b[32m\"example.com\"\u001b[39m\n                    \u001b[33mvalue\u001b[39m=\u001b[32m\"\"\u001b[39m\n                  \u001b[36m/>\u001b[39m\n                \u001b[36m</div>\u001b[39m\n                \u001b[36m<div\u001b[39m\n                  \u001b[33mdata-testid\u001b[39m=\u001b[32m\"form-description\"\u001b[39m\n                \u001b[36m>\u001b[39m\n                  \u001b[0morg.domains.domainDescription\u001b[0m\n                \u001b[36m</div>\u001b[39m\n                \u001b[36m<div\u001b[39m\n                  \u001b[33mdata-testid\u001b[39m=\u001b[32m\"form-message\"\u001b[39m\n                  \u001b[33mrole\u001b[39m=\u001b[32m\"alert\"\u001b[39m\n                \u001b[36m/>\u001b[39m\n              \u001b[36m</div>\u001b[39m\n              \u001b[36m<div\u001b[39m\n                \u001b[33mclass\u001b[39m=\u001b[32m\"grid grid-cols-1 md:grid-cols-2 gap-4\"\u001b[39m\n              \u001b[36m>\u001b[39m\n                \u001b[36m<div\u001b[39m\n                  \u001b[33mdata-testid\u001b[39m=\u001b[32m\"form-item\"\u001b[39m\n                \u001b[36m>\u001b[39m\n                  \u001b[36m<div\u001b[39m\n                    \u001b[33mclass\u001b[39m=\u001b[32m\"space-y-0.5\"\u001b[39m\n                  \u001b[36m>\u001b[39m\n                    \u001b[36m<div\u001b[39m\n                      \u001b[33mdata-testid\u001b[39m=\u001b[32m\"form-label\"\u001b[39m\n                    \u001b[36m>\u001b[39m\n                      \u001b[0morg.domains.autoJoinLabel\u001b[0m\n                    \u001b[36m</div>\u001b[39m\n                    \u001b[36m<div\u001b[39m\n                      \u001b[33mdata-testid\u001b[39m=\u001b[32m\"form-description\"\u001b[39m\n                    \u001b[36m>\u001b[39m\n                      \u001b[0morg.domains.autoJoinDescription\u001b[0m\n                    \u001b[36m</div>\u001b[39m\n                  \u001b[36m</div>\u001b[39m\n                  \u001b[36m<div\u001b[39m\n                    \u001b[33mdata-testid\u001b[39m=\u001b[32m\"form-control\"\u001b[39m\n                  \u001b[36m>\u001b[39m\n                    \u001b[36m<input\u001b[39m\n                      \u001b[33mdata-testid\u001b[39m=\u001b[32m\"switch\"\u001b[39m\n                      \u001b[33mrole\u001b[39m=\u001b[32m\"switch\"\u001b[39m\n                      \u001b[33mtype\u001b[39m=\u001b[32m\"checkbox\"\u001b[39m\n                    \u001b[36m/>\u001b[39m\n                  \u001b[36m</div>\u001b[39m\n                \u001b[36m</div>\u001b[39m\n                \u001b[36m<div\u001b[39m\n                  \u001b[33mdata-testid\u001b[39m=\u001b[32m\"form-item\"\u001b[39m\n                \u001b[36m>\u001b[39m\n                  \u001b[36m<div\u001b[39m\n                    \u001b[33mclass\u001b[39m=\u001b[32m\"space-y-0.5\"\u001b[39m\n                  \u001b[36m>\u001b[39m\n                    \u001b[36m<div\u001b[39m\n                      \u001b[33mdata-testid\u001b[39m=\u001b[32m\"form-label\"\u001b[39m\n                    \u001b[36m>\u001b[39m\n                      \u001b[0morg.domains.enforceSSOLabel\u001b[0m\n                    \u001b[36m</div>\u001b[39m\n                    \u001b[36m<div\u001b[39m\n                      \u001b[33mdata-testid\u001b[39m=\u001b[32m\"form-description\"\u001b[39m\n                    \u001b[36m>\u001b[39m\n                      \u001b[0morg.domains.enforceSSODescription\u001b[0m\n                    \u001b[36m</div>\u001b[39m\n                  \u001b[36m</div>\u001b[39m\n                  \u001b[36m<div\u001b[39m\n                    \u001b[33mdata-testid\u001b[39m=\u001b[32m\"form-control\"\u001b[39m\n                  \u001b[36m>\u001b[39m\n                    \u001b[36m<input\u001b[39m\n                      \u001b[33mdata-testid\u001b[39m=\u001b[32m\"switch\"\u001b[39m\n                      \u001b[33mrole\u001b[39m=\u001b[32m\"switch\"\u001b[39m\n                      \u001b[33mtype\u001b[39m=\u001b[32m\"checkbox\"\u001b[39m\n                    \u001b[36m/>\u001b[39m\n                  \u001b[36m</div>\u001b[39m\n                \u001b[36m</div>\u001b[39m\n              \u001b[36m</div>\u001b[39m\n              \u001b[36m<button\u001b[39m\n                \u001b[33mclass\u001b[39m=\u001b[32m\"mt-2\"\u001b[39m\n                \u001b[33mdata-testid\u001b[39m=\u001b[32m\"button\"\u001b[39m\n                \u001b[33mtype\u001b[39m=\u001b[32m\"submit\"\u001b[39m\n              \u001b[36m>\u001b[39m\n                \u001b[36m<svg\u001b[39m\n                  \u001b[33mclass\u001b[39m=\u001b[32m\"lucide lucide-plus mr-2 h-4 w-4\"\u001b[39m\n                  \u001b[33mfill\u001b[39m=\u001b[32m\"none\"\u001b[39m\n                  \u001b[33mheight\u001b[39m=\u001b[32m\"24\"\u001b[39m\n                  \u001b[33mstroke\u001b[39m=\u001b[32m\"currentColor\"\u001b[39m\n                  \u001b[33mstroke-linecap\u001b[39m=\u001b[32m\"round\"\u001b[39m\n                  \u001b[33mstroke-linejoin\u001b[39m=\u001b[32m\"round\"\u001b[39m\n                  \u001b[33mstroke-width\u001b[39m=\u001b[32m\"2\"\u001b[39m\n                  \u001b[33mviewBox\u001b[39m=\u001b[32m\"0 0 24 24\"\u001b[39m\n                  \u001b[33mwidth\u001b[39m=\u001b[32m\"24\"\u001b[39m\n                  \u001b[33mxmlns\u001b[39m=\u001b[32m\"http://www.w3.org/2000/svg\"\u001b[39m\n                \u001b[36m>\u001b[39m\n                  \u001b[36m<path\u001b[39m\n                    \u001b[33md\u001b[39m=\u001b[32m\"M5 12h14\"\u001b[39m\n                  \u001b[36m/>\u001b[39m\n                  \u001b[36m<path\u001b[39m\n                    \u001b[33md\u001b[39m=\u001b[32m\"M12 5v14\"\u001b[39m\n                  \u001b[36m/>\u001b[39m\n                \u001b[36m</svg>\u001b[39m\n                \u001b[0morg.domains.addButton\u001b[0m\n              \u001b[36m</button>\u001b[39m\n            \u001b[36m</form>\u001b[39m\n          \u001b[36m</form>\u001b[39m\n        \u001b[36m</div>\u001b[39m\n      \u001b[36m</div>\u001b[39m\n      \u001b[36m<div\u001b[39m\n        \u001b[33mclass\u001b[39m=\u001b[32m\"bg-muted/50 px-6 py-4 flex flex-col items-start\"\u001b[39m\n        \u001b[33mdata-testid\u001b[39m=\u001b[32m\"card-footer\"\u001b[39m\n      \u001b[36m>\u001b[39m\n        \u001b[36m<h4\u001b[39m\n          \u001b[33mclass\u001b[39m=\u001b[32m\"font-medium mb-2\"\u001b[39m\n        \u001b[36m>\u001b[39m\n          \u001b[0morg.domains.verificationTitle\u001b[0m\n        \u001b[36m</h4>\u001b[39m\n        \u001b[36m<p\u001b[39m\n          \u001b[33mclass\u001b[39m=\u001b[32m\"text-sm text-muted-foreground mb-2\"\u001b[39m\n        \u001b[36m>\u001b[39m\n          \u001b[0morg.domains.verificationDescription\u001b[0m\n        \u001b[36m</p>\u001b[39m\n        \u001b[36m<div\u001b[39m\n          \u001b[33mclass\u001b[39m=\u001b[32m\"mt-2 w-full\"\u001b[39m\n          \u001b[33mdata-testid\u001b[39m=\u001b[32m\"alert\"\u001b[39m\n          \u001b[33mrole\u001b[39m=\u001b[32m\"alert\"\u001b[39m\n        \u001b[36m>\u001b[39m\n          \u001b[36m<div\u001b[39m\n            \u001b[33mdata-testid\u001b[39m=\u001b[32m\"alert-description\"\u001b[39m\n          \u001b[36m>\u001b[39m\n            \u001b[0morg.domains.verificationInstructions\u001b[0m\n          \u001b[36m</div>\u001b[39m\n        \u001b[36m</div>\u001b[39m\n      \u001b[36m</div>\u001b[39m\n    \u001b[36m</div>\u001b[39m\n  \u001b[36m</div>\u001b[39m\n\u001b[36m</body>\u001b[39m"],"location":{"line":37,"column":19}},{"ancestorTitles":["","DomainBasedOrgMatching"],"fullName":" DomainBasedOrgMatching shows loading skeletons while fetching initial data","status":"failed","title":"shows loading skeletons while fetching initial data","duration":39,"failureMessages":["Unable to find an element by: [data-testid=\"/skeleton/\"]\n\nIgnored nodes: comments, script, style\n\u001b[36m<body>\u001b[39m\n  \u001b[36m<div>\u001b[39m\n    \u001b[36m<div\u001b[39m\n      \u001b[33mclass\u001b[39m=\u001b[32m\"w-full\"\u001b[39m\n      \u001b[33mdata-testid\u001b[39m=\u001b[32m\"card\"\u001b[39m\n    \u001b[36m>\u001b[39m\n      \u001b[36m<div\u001b[39m\n        \u001b[33mdata-testid\u001b[39m=\u001b[32m\"card-header\"\u001b[39m\n      \u001b[36m>\u001b[39m\n        \u001b[36m<div\u001b[39m\n          \u001b[33mclass\u001b[39m=\u001b[32m\"flex items-center gap-2\"\u001b[39m\n          \u001b[33mdata-testid\u001b[39m=\u001b[32m\"card-title\"\u001b[39m\n        \u001b[36m>\u001b[39m\n          \u001b[36m<svg\u001b[39m\n            \u001b[33mclass\u001b[39m=\u001b[32m\"lucide lucide-building h-5 w-5\"\u001b[39m\n            \u001b[33mfill\u001b[39m=\u001b[32m\"none\"\u001b[39m\n            \u001b[33mheight\u001b[39m=\u001b[32m\"24\"\u001b[39m\n            \u001b[33mstroke\u001b[39m=\u001b[32m\"currentColor\"\u001b[39m\n            \u001b[33mstroke-linecap\u001b[39m=\u001b[32m\"round\"\u001b[39m\n            \u001b[33mstroke-linejoin\u001b[39m=\u001b[32m\"round\"\u001b[39m\n            \u001b[33mstroke-width\u001b[39m=\u001b[32m\"2\"\u001b[39m\n            \u001b[33mviewBox\u001b[39m=\u001b[32m\"0 0 24 24\"\u001b[39m\n            \u001b[33mwidth\u001b[39m=\u001b[32m\"24\"\u001b[39m\n            \u001b[33mxmlns\u001b[39m=\u001b[32m\"http://www.w3.org/2000/svg\"\u001b[39m\n          \u001b[36m>\u001b[39m\n            \u001b[36m<rect\u001b[39m\n              \u001b[33mheight\u001b[39m=\u001b[32m\"20\"\u001b[39m\n              \u001b[33mrx\u001b[39m=\u001b[32m\"2\"\u001b[39m\n              \u001b[33mry\u001b[39m=\u001b[32m\"2\"\u001b[39m\n              \u001b[33mwidth\u001b[39m=\u001b[32m\"16\"\u001b[39m\n              \u001b[33mx\u001b[39m=\u001b[32m\"4\"\u001b[39m\n              \u001b[33my\u001b[39m=\u001b[32m\"2\"\u001b[39m\n            \u001b[36m/>\u001b[39m\n            \u001b[36m<path\u001b[39m\n              \u001b[33md\u001b[39m=\u001b[32m\"M9 22v-4h6v4\"\u001b[39m\n            \u001b[36m/>\u001b[39m\n            \u001b[36m<path\u001b[39m\n              \u001b[33md\u001b[39m=\u001b[32m\"M8 6h.01\"\u001b[39m\n            \u001b[36m/>\u001b[39m\n            \u001b[36m<path\u001b[39m\n              \u001b[33md\u001b[39m=\u001b[32m\"M16 6h.01\"\u001b[39m\n            \u001b[36m/>\u001b[39m\n            \u001b[36m<path\u001b[39m\n              \u001b[33md\u001b[39m=\u001b[32m\"M12 6h.01\"\u001b[39m\n            \u001b[36m/>\u001b[39m\n            \u001b[36m<path\u001b[39m\n              \u001b[33md\u001b[39m=\u001b[32m\"M12 10h.01\"\u001b[39m\n            \u001b[36m/>\u001b[39m\n            \u001b[36m<path\u001b[39m\n              \u001b[33md\u001b[39m=\u001b[32m\"M12 14h.01\"\u001b[39m\n            \u001b[36m/>\u001b[39m\n            \u001b[36m<path\u001b[39m\n              \u001b[33md\u001b[39m=\u001b[32m\"M16 10h.01\"\u001b[39m\n            \u001b[36m/>\u001b[39m\n            \u001b[36m<path\u001b[39m\n              \u001b[33md\u001b[39m=\u001b[32m\"M16 14h.01\"\u001b[39m\n            \u001b[36m/>\u001b[39m\n            \u001b[36m<path\u001b[39m\n              \u001b[33md\u001b[39m=\u001b[32m\"M8 10h.01\"\u001b[39m\n            \u001b[36m/>\u001b[39m\n            \u001b[36m<path\u001b[39m\n              \u001b[33md\u001b[39m=\u001b[32m\"M8 14h.01\"\u001b[39m\n            \u001b[36m/>\u001b[39m\n          \u001b[36m</svg>\u001b[39m\n          \u001b[0morg.domains.title\u001b[0m\n        \u001b[36m</div>\u001b[39m\n        \u001b[36m<div\u001b[39m\n          \u001b[33mdata-testid\u001b[39m=\u001b[32m\"card-description\"\u001b[39m\n        \u001b[36m>\u001b[39m\n          \u001b[0morg.domains.description\u001b[0m\n        \u001b[36m</div>\u001b[39m\n      \u001b[36m</div>\u001b[39m\n      \u001b[36m<div\u001b[39m\n        \u001b[33mclass\u001b[39m=\u001b[32m\"space-y-6\"\u001b[39m\n        \u001b[33mdata-testid\u001b[39m=\u001b[32m\"card-content\"\u001b[39m\n      \u001b[36m>\u001b[39m\n        \u001b[36m<div>\u001b[39m\n          \u001b[36m<h3\u001b[39m\n            \u001b[33mclass\u001b[39m=\u001b[32m\"text-lg font-medium mb-3\"\u001b[39m\n          \u001b[36m>\u001b[39m\n            \u001b[0morg.domains.currentDomains\u001b[0m\n          \u001b[36m</h3>\u001b[39m\n          \u001b[36m<div\u001b[39m\n            \u001b[33mclass\u001b[39m=\u001b[32m\"space-y-4\"\u001b[39m\n          \u001b[36m>\u001b[39m\n            \u001b[36m<div\u001b[39m\n              \u001b[33mclass\u001b[39m=\u001b[32m\"animate-pulse rounded-md bg-primary/10 h-12 w-full\"\u001b[39m\n            \u001b[36m/>\u001b[39m\n            \u001b[36m<div\u001b[39m\n              \u001b[33mclass\u001b[39m=\u001b[32m\"animate-pulse rounded-md bg-primary/10 h-12 w-full\"\u001b[39m\n            \u001b[36m/>\u001b[39m\n            \u001b[36m<div\u001b[39m\n              \u001b[33mclass\u001b[39m=\u001b[32m\"animate-pulse rounded-md bg-primary/10 h-12 w-full\"\u001b[39m\n            \u001b[36m/>\u001b[39m\n          \u001b[36m</div>\u001b[39m\n        \u001b[36m</div>\u001b[39m\n        \u001b[36m<div\u001b[39m\n          \u001b[33mclass\u001b[39m=\u001b[32m\"shrink-0 bg-border h-[1px] w-full\"\u001b[39m\n          \u001b[33mdata-orientation\u001b[39m=\u001b[32m\"horizontal\"\u001b[39m\n          \u001b[33mrole\u001b[39m=\u001b[32m\"none\"\u001b[39m\n        \u001b[36m/>\u001b[39m\n        \u001b[36m<div>\u001b[39m\n          \u001b[36m<h3\u001b[39m\n            \u001b[33mclass\u001b[39m=\u001b[32m\"text-lg font-medium mb-3\"\u001b[39m\n          \u001b[36m>\u001b[39m\n            \u001b[0morg.domains.addDomain\u001b[0m\n          \u001b[36m</h3>\u001b[39m\n          \u001b[36m<form\u001b[39m\n            \u001b[33mclass\u001b[39m=\u001b[32m\"space-y-4\"\u001b[39m\n            \u001b[33mdata-testid\u001b[39m=\u001b[32m\"form\"\u001b[39m\n          \u001b[36m>\u001b[39m\n            \u001b[36m<form\u001b[39m\n              \u001b[33mclass\u001b[39m=\u001b[32m\"space-y-4\"\u001b[39m\n            \u001b[36m>\u001b[39m\n              \u001b[36m<div\u001b[39m\n                \u001b[33mdata-testid\u001b[39m=\u001b[32m\"form-item\"\u001b[39m\n              \u001b[36m>\u001b[39m\n                \u001b[36m<div\u001b[39m\n                  \u001b[33mdata-testid\u001b[39m=\u001b[32m\"form-label\"\u001b[39m\n                \u001b[36m>\u001b[39m\n                  \u001b[0morg.domains.domainLabel\u001b[0m\n                \u001b[36m</div>\u001b[39m\n                \u001b[36m<div\u001b[39m\n                  \u001b[33mdata-testid\u001b[39m=\u001b[32m\"form-control\"\u001b[39m\n                \u001b[36m>\u001b[39m\n                  \u001b[36m<input\u001b[39m\n                    \u001b[33mdata-testid\u001b[39m=\u001b[32m\"input\"\u001b[39m\n                    \u001b[33mname\u001b[39m=\u001b[32m\"domain\"\u001b[39m\n                    \u001b[33mplaceholder\u001b[39m=\u001b[32m\"example.com\"\u001b[39m\n                    \u001b[33mvalue\u001b[39m=\u001b[32m\"\"\u001b[39m\n                  \u001b[36m/>\u001b[39m\n                \u001b[36m</div>\u001b[39m\n                \u001b[36m<div\u001b[39m\n                  \u001b[33mdata-testid\u001b[39m=\u001b[32m\"form-description\"\u001b[39m\n                \u001b[36m>\u001b[39m\n                  \u001b[0morg.domains.domainDescription\u001b[0m\n                \u001b[36m</div>\u001b[39m\n                \u001b[36m<div\u001b[39m\n                  \u001b[33mdata-testid\u001b[39m=\u001b[32m\"form-message\"\u001b[39m\n                  \u001b[33mrole\u001b[39m=\u001b[32m\"alert\"\u001b[39m\n                \u001b[36m/>\u001b[39m\n              \u001b[36m</div>\u001b[39m\n              \u001b[36m<div\u001b[39m\n                \u001b[33mclass\u001b[39m=\u001b[32m\"grid grid-cols-1 md:grid-cols-2 gap-4\"\u001b[39m\n              \u001b[36m>\u001b[39m\n                \u001b[36m<div\u001b[39m\n                  \u001b[33mdata-testid\u001b[39m=\u001b[32m\"form-item\"\u001b[39m\n                \u001b[36m>\u001b[39m\n                  \u001b[36m<div\u001b[39m\n                    \u001b[33mclass\u001b[39m=\u001b[32m\"space-y-0.5\"\u001b[39m\n                  \u001b[36m>\u001b[39m\n                    \u001b[36m<div\u001b[39m\n                      \u001b[33mdata-testid\u001b[39m=\u001b[32m\"form-label\"\u001b[39m\n                    \u001b[36m>\u001b[39m\n                      \u001b[0morg.domains.autoJoinLabel\u001b[0m\n                    \u001b[36m</div>\u001b[39m\n                    \u001b[36m<div\u001b[39m\n                      \u001b[33mdata-testid\u001b[39m=\u001b[32m\"form-description\"\u001b[39m\n                    \u001b[36m>\u001b[39m\n                      \u001b[0morg.domains.autoJoinDescription\u001b[0m\n                    \u001b[36m</div>\u001b[39m\n                  \u001b[36m</div>\u001b[39m\n                  \u001b[36m<div\u001b[39m\n                    \u001b[33mdata-testid\u001b[39m=\u001b[32m\"form-control\"\u001b[39m\n                  \u001b[36m>\u001b[39m\n                    \u001b[36m<input\u001b[39m\n                      \u001b[33mdata-testid\u001b[39m=\u001b[32m\"switch\"\u001b[39m\n                      \u001b[33mrole\u001b[39m=\u001b[32m\"switch\"\u001b[39m\n                      \u001b[33mtype\u001b[39m=\u001b[32m\"checkbox\"\u001b[39m\n                    \u001b[36m/>\u001b[39m\n                  \u001b[36m</div>\u001b[39m\n                \u001b[36m</div>\u001b[39m\n                \u001b[36m<div\u001b[39m\n                  \u001b[33mdata-testid\u001b[39m=\u001b[32m\"form-item\"\u001b[39m\n                \u001b[36m>\u001b[39m\n                  \u001b[36m<div\u001b[39m\n                    \u001b[33mclass\u001b[39m=\u001b[32m\"space-y-0.5\"\u001b[39m\n                  \u001b[36m>\u001b[39m\n                    \u001b[36m<div\u001b[39m\n                      \u001b[33mdata-testid\u001b[39m=\u001b[32m\"form-label\"\u001b[39m\n                    \u001b[36m>\u001b[39m\n                      \u001b[0morg.domains.enforceSSOLabel\u001b[0m\n                    \u001b[36m</div>\u001b[39m\n                    \u001b[36m<div\u001b[39m\n                      \u001b[33mdata-testid\u001b[39m=\u001b[32m\"form-description\"\u001b[39m\n                    \u001b[36m>\u001b[39m\n                      \u001b[0morg.domains.enforceSSODescription\u001b[0m\n                    \u001b[36m</div>\u001b[39m\n                  \u001b[36m</div>\u001b[39m\n                  \u001b[36m<div\u001b[39m\n                    \u001b[33mdata-testid\u001b[39m=\u001b[32m\"form-control\"\u001b[39m\n                  \u001b[36m>\u001b[39m\n                    \u001b[36m<input\u001b[39m\n                      \u001b[33mdata-testid\u001b[39m=\u001b[32m\"switch\"\u001b[39m\n                      \u001b[33mrole\u001b[39m=\u001b[32m\"switch\"\u001b[39m\n                      \u001b[33mtype\u001b[39m=\u001b[32m\"checkbox\"\u001b[39m\n                    \u001b[36m/>\u001b[39m\n                  \u001b[36m</div>\u001b[39m\n                \u001b[36m</div>\u001b[39m\n              \u001b[36m</div>\u001b[39m\n              \u001b[36m<button\u001b[39m\n                \u001b[33mclass\u001b[39m=\u001b[32m\"mt-2\"\u001b[39m\n                \u001b[33mdata-testid\u001b[39m=\u001b[32m\"button\"\u001b[39m\n                \u001b[33mdisabled\u001b[39m=\u001b[32m\"\"\u001b[39m\n                \u001b[33mtype\u001b[39m=\u001b[32m\"submit\"\u001b[39m\n              \u001b[36m>\u001b[39m\n                \u001b[36m<svg\u001b[39m\n                  \u001b[33mclass\u001b[39m=\u001b[32m\"lucide lucide-plus mr-2 h-4 w-4\"\u001b[39m\n                  \u001b[33mfill\u001b[39m=\u001b[32m\"none\"\u001b[39m\n                  \u001b[33mheight\u001b[39m=\u001b[32m\"24\"\u001b[39m\n                  \u001b[33mstroke\u001b[39m=\u001b[32m\"currentColor\"\u001b[39m\n                  \u001b[33mstroke-linecap\u001b[39m=\u001b[32m\"round\"\u001b[39m\n                  \u001b[33mstroke-linejoin\u001b[39m=\u001b[32m\"round\"\u001b[39m\n                  \u001b[33mstroke-width\u001b[39m=\u001b[32m\"2\"\u001b[39m\n                  \u001b[33mviewBox\u001b[39m=\u001b[32m\"0 0 24 24\"\u001b[39m\n                  \u001b[33mwidth\u001b[39m=\u001b[32m\"24\"\u001b[39m\n                  \u001b[33mxmlns\u001b[39m=\u001b[32m\"http://www.w3.org/2000/svg\"\u001b[39m\n                \u001b[36m>\u001b[39m\n                  \u001b[36m<path\u001b[39m\n                    \u001b[33md\u001b[39m=\u001b[32m\"M5 12h14\"\u001b[39m\n                  \u001b[36m/>\u001b[39m\n                  \u001b[36m<path\u001b[39m\n                    \u001b[33md\u001b[39m=\u001b[32m\"M12 5v14\"\u001b[39m\n                  \u001b[36m/>\u001b[39m\n                \u001b[36m</svg>\u001b[39m\n                \u001b[0morg.domains.addButton\u001b[0m\n              \u001b[36m</button>\u001b[39m\n            \u001b[36m</form>\u001b[39m\n          \u001b[36m</form>\u001b[39m\n        \u001b[36m</div>\u001b[39m\n      \u001b[36m</div>\u001b[39m\n      \u001b[36m<div\u001b[39m\n        \u001b[33mclass\u001b[39m=\u001b[32m\"bg-muted/50 px-6 py-4 flex flex-col items-start\"\u001b[39m\n        \u001b[33mdata-testid\u001b[39m=\u001b[32m\"card-footer\"\u001b[39m\n      \u001b[36m>\u001b[39m\n        \u001b[36m<h4\u001b[39m\n          \u001b[33mclass\u001b[39m=\u001b[32m\"font-medium mb-2\"\u001b[39m\n        \u001b[36m>\u001b[39m\n          \u001b[0morg.domains.verificationTitle\u001b[0m\n        \u001b[36m</h4>\u001b[39m\n        \u001b[36m<p\u001b[39m\n          \u001b[33mclass\u001b[39m=\u001b[32m\"text-sm text-muted-foreground mb-2\"\u001b[39m\n        \u001b[36m>\u001b[39m\n          \u001b[0morg.domains.verificationDescription\u001b[0m\n        \u001b[36m</p>\u001b[39m\n        \u001b[36m<div\u001b[39m\n          \u001b[33mclass\u001b[39m=\u001b[32m\"mt-2 w-full\"\u001b[39m\n          \u001b[33mdata-testid\u001b[39m=\u001b[32m\"alert\"\u001b[39m\n          \u001b[33mrole\u001b[39m=\u001b[32m\"alert\"\u001b[39m\n        \u001b[36m>\u001b[39m\n          \u001b[36m<div\u001b[39m\n            \u001b[33mdata-testid\u001b[39m=\u001b[32m\"alert-description\"\u001b[39m\n          \u001b[36m>\u001b[39m\n            \u001b[0morg.domains.verificationInstructions\u001b[0m\n          \u001b[36m</div>\u001b[39m\n        \u001b[36m</div>\u001b[39m\n      \u001b[36m</div>\u001b[39m\n    \u001b[36m</div>\u001b[39m\n  \u001b[36m</div>\u001b[39m\n\u001b[36m</body>\u001b[39m"],"location":{"line":37,"column":19}},{"ancestorTitles":["","DomainBasedOrgMatching"],"fullName":" DomainBasedOrgMatching fetches and displays existing domains if domains matching is enabled","status":"failed","title":"fetches and displays existing domains if domains matching is enabled","duration":64,"failureMessages":["Found multiple elements by: [data-testid=\"switch\"]\n\nHere are the matching elements:\n\nIgnored nodes: comments, script, style\n\u001b[36m<input\u001b[39m\n  \u001b[33mdata-testid\u001b[39m=\u001b[32m\"switch\"\u001b[39m\n  \u001b[33mrole\u001b[39m=\u001b[32m\"switch\"\u001b[39m\n  \u001b[33mtype\u001b[39m=\u001b[32m\"checkbox\"\u001b[39m\n\u001b[36m/>\u001b[39m\n\nIgnored nodes: comments, script, style\n\u001b[36m<input\u001b[39m\n  \u001b[33mdata-testid\u001b[39m=\u001b[32m\"switch\"\u001b[39m\n  \u001b[33mrole\u001b[39m=\u001b[32m\"switch\"\u001b[39m\n  \u001b[33mtype\u001b[39m=\u001b[32m\"checkbox\"\u001b[39m\n\u001b[36m/>\u001b[39m\n\nIgnored nodes: comments, script, style\n\u001b[36m<input\u001b[39m\n  \u001b[33mdata-testid\u001b[39m=\u001b[32m\"switch\"\u001b[39m\n  \u001b[33mrole\u001b[39m=\u001b[32m\"switch\"\u001b[39m\n  \u001b[33mtype\u001b[39m=\u001b[32m\"checkbox\"\u001b[39m\n\u001b[36m/>\u001b[39m\n\nIgnored nodes: comments, script, style\n\u001b[36m<input\u001b[39m\n  \u001b[33mdata-testid\u001b[39m=\u001b[32m\"switch\"\u001b[39m\n  \u001b[33mdisabled\u001b[39m=\u001b[32m\"\"\u001b[39m\n  \u001b[33mrole\u001b[39m=\u001b[32m\"switch\"\u001b[39m\n  \u001b[33mtype\u001b[39m=\u001b[32m\"checkbox\"\u001b[39m\n\u001b[36m/>\u001b[39m\n\nIgnored nodes: comments, script, style\n\u001b[36m<input\u001b[39m\n  \u001b[33mdata-testid\u001b[39m=\u001b[32m\"switch\"\u001b[39m\n  \u001b[33mrole\u001b[39m=\u001b[32m\"switch\"\u001b[39m\n  \u001b[33mtype\u001b[39m=\u001b[32m\"checkbox\"\u001b[39m\n\u001b[36m/>\u001b[39m\n\nIgnored nodes: comments, script, style\n\u001b[36m<input\u001b[39m\n  \u001b[33mdata-testid\u001b[39m=\u001b[32m\"switch\"\u001b[39m\n  \u001b[33mrole\u001b[39m=\u001b[32m\"switch\"\u001b[39m\n  \u001b[33mtype\u001b[39m=\u001b[32m\"checkbox\"\u001b[39m\n\u001b[36m/>\u001b[39m\n\n(If this is intentional, then use the `*AllBy*` variant of the query (like `queryAllByText`, `getAllByText`, or `findAllByText`)).\n\nIgnored nodes: comments, script, style\n\u001b[36m<body>\u001b[39m\n  \u001b[36m<div>\u001b[39m\n    \u001b[36m<div\u001b[39m\n      \u001b[33mclass\u001b[39m=\u001b[32m\"w-full\"\u001b[39m\n      \u001b[33mdata-testid\u001b[39m=\u001b[32m\"card\"\u001b[39m\n    \u001b[36m>\u001b[39m\n      \u001b[36m<div\u001b[39m\n        \u001b[33mdata-testid\u001b[39m=\u001b[32m\"card-header\"\u001b[39m\n      \u001b[36m>\u001b[39m\n        \u001b[36m<div\u001b[39m\n          \u001b[33mclass\u001b[39m=\u001b[32m\"flex items-center gap-2\"\u001b[39m\n          \u001b[33mdata-testid\u001b[39m=\u001b[32m\"card-title\"\u001b[39m\n        \u001b[36m>\u001b[39m\n          \u001b[36m<svg\u001b[39m\n            \u001b[33mclass\u001b[39m=\u001b[32m\"lucide lucide-building h-5 w-5\"\u001b[39m\n            \u001b[33mfill\u001b[39m=\u001b[32m\"none\"\u001b[39m\n            \u001b[33mheight\u001b[39m=\u001b[32m\"24\"\u001b[39m\n            \u001b[33mstroke\u001b[39m=\u001b[32m\"currentColor\"\u001b[39m\n            \u001b[33mstroke-linecap\u001b[39m=\u001b[32m\"round\"\u001b[39m\n            \u001b[33mstroke-linejoin\u001b[39m=\u001b[32m\"round\"\u001b[39m\n            \u001b[33mstroke-width\u001b[39m=\u001b[32m\"2\"\u001b[39m\n            \u001b[33mviewBox\u001b[39m=\u001b[32m\"0 0 24 24\"\u001b[39m\n            \u001b[33mwidth\u001b[39m=\u001b[32m\"24\"\u001b[39m\n            \u001b[33mxmlns\u001b[39m=\u001b[32m\"http://www.w3.org/2000/svg\"\u001b[39m\n          \u001b[36m>\u001b[39m\n            \u001b[36m<rect\u001b[39m\n              \u001b[33mheight\u001b[39m=\u001b[32m\"20\"\u001b[39m\n              \u001b[33mrx\u001b[39m=\u001b[32m\"2\"\u001b[39m\n              \u001b[33mry\u001b[39m=\u001b[32m\"2\"\u001b[39m\n              \u001b[33mwidth\u001b[39m=\u001b[32m\"16\"\u001b[39m\n              \u001b[33mx\u001b[39m=\u001b[32m\"4\"\u001b[39m\n              \u001b[33my\u001b[39m=\u001b[32m\"2\"\u001b[39m\n            \u001b[36m/>\u001b[39m\n            \u001b[36m<path\u001b[39m\n              \u001b[33md\u001b[39m=\u001b[32m\"M9 22v-4h6v4\"\u001b[39m\n            \u001b[36m/>\u001b[39m\n            \u001b[36m<path\u001b[39m\n              \u001b[33md\u001b[39m=\u001b[32m\"M8 6h.01\"\u001b[39m\n            \u001b[36m/>\u001b[39m\n            \u001b[36m<path\u001b[39m\n              \u001b[33md\u001b[39m=\u001b[32m\"M16 6h.01\"\u001b[39m\n            \u001b[36m/>\u001b[39m\n            \u001b[36m<path\u001b[39m\n              \u001b[33md\u001b[39m=\u001b[32m\"M12 6h.01\"\u001b[39m\n            \u001b[36m/>\u001b[39m\n            \u001b[36m<path\u001b[39m\n              \u001b[33md\u001b[39m=\u001b[32m\"M12 10h.01\"\u001b[39m\n            \u001b[36m/>\u001b[39m\n            \u001b[36m<path\u001b[39m\n              \u001b[33md\u001b[39m=\u001b[32m\"M12 14h.01\"\u001b[39m\n            \u001b[36m/>\u001b[39m\n            \u001b[36m<path\u001b[39m\n              \u001b[33md\u001b[39m=\u001b[32m\"M16 10h.01\"\u001b[39m\n            \u001b[36m/>\u001b[39m\n            \u001b[36m<path\u001b[39m\n              \u001b[33md\u001b[39m=\u001b[32m\"M16 14h.01\"\u001b[39m\n            \u001b[36m/>\u001b[39m\n            \u001b[36m<path\u001b[39m\n              \u001b[33md\u001b[39m=\u001b[32m\"M8 10h.01\"\u001b[39m\n            \u001b[36m/>\u001b[39m\n            \u001b[36m<path\u001b[39m\n              \u001b[33md\u001b[39m=\u001b[32m\"M8 14h.01\"\u001b[39m\n            \u001b[36m/>\u001b[39m\n          \u001b[36m</svg>\u001b[39m\n          \u001b[0morg.domains.title\u001b[0m\n        \u001b[36m</div>\u001b[39m\n        \u001b[36m<div\u001b[39m\n          \u001b[33mdata-testid\u001b[39m=\u001b[32m\"card-description\"\u001b[39m\n        \u001b[36m>\u001b[39m\n          \u001b[0morg.domains.description\u001b[0m\n        \u001b[36m</div>\u001b[39m\n      \u001b[36m</div>\u001b[39m\n      \u001b[36m<div\u001b[39m\n        \u001b[33mclass\u001b[39m=\u001b[32m\"space-y-6\"\u001b[39m\n        \u001b[33mdata-testid\u001b[39m=\u001b[32m\"card-content\"\u001b[39m\n      \u001b[36m>\u001b[39m\n        \u001b[36m<div>\u001b[39m\n          \u001b[36m<h3\u001b[39m\n            \u001b[33mclass\u001b[39m=\u001b[32m\"text-lg font-medium mb-3\"\u001b[39m\n          \u001b[36m>\u001b[39m\n            \u001b[0morg.domains.currentDomains\u001b[0m\n          \u001b[36m</h3>\u001b[39m\n          \u001b[36m<table\u001b[39m\n            \u001b[33mdata-testid\u001b[39m=\u001b[32m\"table\"\u001b[39m\n          \u001b[36m>\u001b[39m\n            \u001b[36m<thead\u001b[39m\n              \u001b[33mdata-testid\u001b[39m=\u001b[32m\"table-header\"\u001b[39m\n            \u001b[36m>\u001b[39m\n              \u001b[36m<tr\u001b[39m\n                \u001b[33mdata-testid\u001b[39m=\u001b[32m\"table-row\"\u001b[39m\n              \u001b[36m>\u001b[39m\n                \u001b[36m<th\u001b[39m\n                  \u001b[33mdata-testid\u001b[39m=\u001b[32m\"table-head\"\u001b[39m\n                  \u001b[33mscope\u001b[39m=\u001b[32m\"col\"\u001b[39m\n                \u001b[36m>\u001b[39m\n                  \u001b[0morg.domains.domain\u001b[0m\n                \u001b[36m</th>\u001b[39m\n                \u001b[36m<th\u001b[39m\n                  \u001b[33mdata-testid\u001b[39m=\u001b[32m\"table-head\"\u001b[39m\n                  \u001b[33mscope\u001b[39m=\u001b[32m\"col\"\u001b[39m\n                \u001b[36m>\u001b[39m\n                  \u001b[0morg.domains.status\u001b[0m\n                \u001b[36m</th>\u001b[39m\n                \u001b[36m<th\u001b[39m\n                  \u001b[33mdata-testid\u001b[39m=\u001b[32m\"table-head\"\u001b[39m\n                  \u001b[33mscope\u001b[39m=\u001b[32m\"col\"\u001b[39m\n                \u001b[36m>\u001b[39m\n                  \u001b[0morg.domains.autoJoin\u001b[0m\n                \u001b[36m</th>\u001b[39m\n                \u001b[36m<th\u001b[39m\n                  \u001b[33mdata-testid\u001b[39m=\u001b[32m\"table-head\"\u001b[39m\n                  \u001b[33mscope\u001b[39m=\u001b[32m\"col\"\u001b[39m\n                \u001b[36m>\u001b[39m\n                  \u001b[0morg.domains.enforceSSO\u001b[0m\n                \u001b[36m</th>\u001b[39m\n                \u001b[36m<th\u001b[39m\n                  \u001b[33mdata-testid\u001b[39m=\u001b[32m\"table-head\"\u001b[39m\n                  \u001b[33mscope\u001b[39m=\u001b[32m\"col\"\u001b[39m\n                \u001b[36m>\u001b[39m\n                  \u001b[0mcommon.actions\u001b[0m\n                \u001b[36m</th>\u001b[39m\n              \u001b[36m</tr>\u001b[39m\n            \u001b[36m</thead>\u001b[39m\n            \u001b[36m<tbody\u001b[39m\n              \u001b[33mdata-testid\u001b[39m=\u001b[32m\"table-body\"\u001b[39m\n            \u001b[36m>\u001b[39m\n              \u001b[36m<tr\u001b[39m\n                \u001b[33mdata-testid\u001b[39m=\u001b[32m\"table-row\"\u001b[39m\n              \u001b[36m>\u001b[39m\n                \u001b[36m<td\u001b[39m\n                  \u001b[33mdata-testid\u001b[39m=\u001b[32m\"table-cell\"\u001b[39m\n                \u001b[36m>\u001b[39m\n                  \u001b[0mexample.com\u001b[0m\n                \u001b[36m</td>\u001b[39m\n                \u001b[36m<td\u001b[39m\n                  \u001b[33mdata-testid\u001b[39m=\u001b[32m\"table-cell\"\u001b[39m\n                \u001b[36m>\u001b[39m\n                  \u001b[36m<span\u001b[39m\n                    \u001b[33mclass\u001b[39m=\u001b[32m\"bg-green-100 text-green-800\"\u001b[39m\n                    \u001b[33mdata-testid\u001b[39m=\u001b[32m\"badge\"\u001b[39m\n                  \u001b[36m>\u001b[39m\n                    \u001b[36m<svg\u001b[39m\n                      \u001b[33mclass\u001b[39m=\u001b[32m\"lucide lucide-check h-3 w-3 mr-1\"\u001b[39m\n                      \u001b[33mfill\u001b[39m=\u001b[32m\"none\"\u001b[39m\n                      \u001b[33mheight\u001b[39m=\u001b[32m\"24\"\u001b[39m\n                      \u001b[33mstroke\u001b[39m=\u001b[32m\"currentColor\"\u001b[39m\n                      \u001b[33mstroke-linecap\u001b[39m=\u001b[32m\"round\"\u001b[39m\n                      \u001b[33mstroke-linejoin\u001b[39m=\u001b[32m\"round\"\u001b[39m\n                      \u001b[33mstroke-width\u001b[39m=\u001b[32m\"2\"\u001b[39m\n                      \u001b[33mviewBox\u001b[39m=\u001b[32m\"0 0 24 24\"\u001b[39m\n                      \u001b[33mwidth\u001b[39m=\u001b[32m\"24\"\u001b[39m\n                      \u001b[33mxmlns\u001b[39m=\u001b[32m\"http://www.w3.org/2000/svg\"\u001b[39m\n                    \u001b[36m>\u001b[39m\n                      \u001b[36m<path\u001b[39m\n                        \u001b[33md\u001b[39m=\u001b[32m\"M20 6 9 17l-5-5\"\u001b[39m\n                      \u001b[36m/>\u001b[39m\n                    \u001b[36m</svg>\u001b[39m\n                    \u001b[0m \u001b[0m\n                    \u001b[0morg.domains.verified\u001b[0m\n                  \u001b[36m</span>\u001b[39m\n                \u001b[36m</td>\u001b[39m\n                \u001b[36m<td\u001b[39m\n                  \u001b[33mdata-testid\u001b[39m=\u001b[32m\"table-cell\"\u001b[39m\n                \u001b[36m>\u001b[39m\n                  \u001b[36m<input\u001b[39m\n                    \u001b[33mdata-testid\u001b[39m=\u001b[32m\"switch\"\u001b[39m\n                    \u001b[33mrole\u001b[39m=\u001b[32m\"switch\"\u001b[39m\n                    \u001b[33mtype\u001b[39m=\u001b[32m\"checkbox\"\u001b[39m\n                  \u001b[36m/>\u001b[39m\n                \u001b[36m</td>\u001b[39m\n                \u001b[36m<td\u001b[39m\n                  \u001b[33mdata-testid\u001b[39m=\u001b[32m\"table-cell\"\u001b[39m\n                \u001b[36m>\u001b[39m\n                  \u001b[36m<input\u001b[39m\n                    \u001b[33mdata-testid\u001b[39m=\u001b[32m\"switch\"\u001b[39m\n                    \u001b[33mrole\u001b[39m=\u001b[32m\"switch\"\u001b[39m\n                    \u001b[33mtype\u001b[39m=\u001b[32m\"checkbox\"\u001b[39m\n                  \u001b[36m/>\u001b[39m\n                \u001b[36m</td>\u001b[39m\n                \u001b[36m<td\u001b[39m\n                  \u001b[33mdata-testid\u001b[39m=\u001b[32m\"table-cell\"\u001b[39m\n                \u001b[36m>\u001b[39m\n                  \u001b[36m<div\u001b[39m\n                    \u001b[33mclass\u001b[39m=\u001b[32m\"flex justify-end gap-2\"\u001b[39m\n                  \u001b[36m>\u001b[39m\n                    \u001b[36m<button\u001b[39m\n                      \u001b[33maria-label\u001b[39m=\u001b[32m\"org.domains.deleteDomain\"\u001b[39m\n                      \u001b[33mclass\u001b[39m=\u001b[32m\"h-8 w-8 text-destructive\"\u001b[39m\n                      \u001b[33mdata-testid\u001b[39m=\u001b[32m\"button\"\u001b[39m\n                      \u001b[33mtype\u001b[39m=\u001b[32m\"button\"\u001b[39m\n                    \u001b[36m>\u001b[39m\n                      \u001b[36m<svg\u001b[39m\n                        \u001b[33mclass\u001b[39m=\u001b[32m\"lucide lucide-trash h-4 w-4\"\u001b[39m\n                        \u001b[33mfill\u001b[39m=\u001b[32m\"none\"\u001b[39m\n                        \u001b[33mheight\u001b[39m=\u001b[32m\"24\"\u001b[39m\n                        \u001b[33mstroke\u001b[39m=\u001b[32m\"currentColor\"\u001b[39m\n                        \u001b[33mstroke-linecap\u001b[39m=\u001b[32m\"round\"\u001b[39m\n                        \u001b[33mstroke-linejoin\u001b[39m=\u001b[32m\"round\"\u001b[39m\n                        \u001b[33mstroke-width\u001b[39m=\u001b[32m\"2\"\u001b[39m\n                        \u001b[33mviewBox\u001b[39m=\u001b[32m\"0 0 24 24\"\u001b[39m\n                        \u001b[33mwidth\u001b[39m=\u001b[32m\"24\"\u001b[39m\n                        \u001b[33mxmlns\u001b[39m=\u001b[32m\"http://www.w3.org/2000/svg\"\u001b[39m\n                      \u001b[36m>\u001b[39m\n                        \u001b[36m<path\u001b[39m\n                          \u001b[33md\u001b[39m=\u001b[32m\"M3 6h18\"\u001b[39m\n                        \u001b[36m/>\u001b[39m\n                        \u001b[36m<path\u001b[39m\n                          \u001b[33md\u001b[39m=\u001b[32m\"M19 6v14c0 1-1 2-2 2H7c-1 0-2-1-2-2V6\"\u001b[39m\n                        \u001b[36m/>\u001b[39m\n                        \u001b[36m<path\u001b[39m\n                          \u001b[33md\u001b[39m=\u001b[32m\"M8 6V4c0-1 1-2 2-2h4c1 0 2 1 2 2v2\"\u001b[39m\n                        \u001b[36m/>\u001b[39m\n                      \u001b[36m</svg>\u001b[39m\n                    \u001b[36m</button>\u001b[39m\n                  \u001b[36m</div>\u001b[39m\n                \u001b[36m</td>\u001b[39m\n              \u001b[36m</tr>\u001b[39m\n              \u001b[36m<tr\u001b[39m\n                \u001b[33mdata-testid\u001b[39m=\u001b[32m\"table-row\"\u001b[39m\n              \u001b[36m>\u001b[39m\n                \u001b[36m<td\u001b[39m\n                  \u001b[33mdata-testid\u001b[39m=\u001b[32m\"table-cell\"\u001b[39m\n                \u001b[36m>\u001b[39m\n                  \u001b[0mtest.org\u001b[0m\n                \u001b[36m</td>\u001b[39m\n                \u001b[36m<td\u001b[39m\n                  \u001b[33mdata-testid\u001b[39m=\u001b[32m\"table-cell\"\u001b[39m\n                \u001b[36m>\u001b[39m\n                  \u001b[36m<span\u001b[39m\n                    \u001b[33mclass\u001b[39m=\u001b[32m\"bg-amber-100 text-amber-800\"\u001b[39m\n                    \u001b[33mdata-testid\u001b[39m=\u001b[32m\"badge\"\u001b[39m\n                  \u001b[36m>\u001b[39m\n                    \u001b[0morg.domains.unverified\u001b[0m\n                  \u001b[36m</span>\u001b[39m\n                \u001b[36m</td>\u001b[39m\n                \u001b[36m<td\u001b[39m\n                  \u001b[33mdata-testid\u001b[39m=\u001b[32m\"table-cell\"\u001b[39m\n                \u001b[36m>\u001b[39m\n                  \u001b[36m<input\u001b[39m\n                    \u001b[33mdata-testid\u001b[39m=\u001b[32m\"switch\"\u001b[39m\n                    \u001b[33mrole\u001b[39m=\u001b[32m\"switch\"\u001b[39m\n                    \u001b[33mtype\u001b[39m=\u001b[32m\"checkbox\"\u001b[39m\n                  \u001b[36m/>\u001b[39m\n                \u001b[36m</td>\u001b[39m\n                \u001b[36m<td\u001b[39m\n                  \u001b[33mdata-testid\u001b[39m=\u001b[32m\"table-cell\"\u001b[39m\n                \u001b[36m>\u001b[39m\n                  \u001b[36m<input\u001b[39m\n                    \u001b[33mdata-testid\u001b[39m=\u001b[32m\"switch\"\u001b[39m\n                    \u001b[33mdisabled\u001b[39m=\u001b[32m\"\"\u001b[39m\n                    \u001b[33mrole\u001b[39m=\u001b[32m\"switch\"\u001b[39m\n                    \u001b[33mtype\u001b[39m=\u001b[32m\"checkbox\"\u001b[39m\n                  \u001b[36m/>\u001b[39m\n                \u001b[36m</td>\u001b[39m\n                \u001b[36m<td\u001b[39m\n                  \u001b[33mdata-testid\u001b[39m=\u001b[32m\"table-cell\"\u001b[39m\n                \u001b[36m>\u001b[39m\n                  \u001b[36m<div\u001b[39m\n                    \u001b[33mclass\u001b[39m=\u001b[32m\"flex justify-end gap-2\"\u001b[39m\n                  \u001b[36m>\u001b[39m\n                    \u001b[36m<button\u001b[39m\n                      \u001b[33mclass\u001b[39m=\u001b[32m\"h-8\"\u001b[39m\n                      \u001b[33mdata-testid\u001b[39m=\u001b[32m\"button\"\u001b[39m\n                      \u001b[33mtype\u001b[39m=\u001b[32m\"button\"\u001b[39m\n                    \u001b[36m>\u001b[39m\n                      \u001b[36m<span>\u001b[39m\n                        \u001b[0morg.domains.verify\u001b[0m\n                      \u001b[36m</span>\u001b[39m\n                    \u001b[36m</button>\u001b[39m\n                    \u001b[36m<button\u001b[39m\n                      \u001b[33maria-label\u001b[39m=\u001b[32m\"org.domains.deleteDomain\"\u001b[39m\n                      \u001b[33mclass\u001b[39m=\u001b[32m\"h-8 w-8 text-destructive\"\u001b[39m\n                      \u001b[33mdata-testid\u001b[39m=\u001b[32m\"button\"\u001b[39m\n                      \u001b[33mtype\u001b[39m=\u001b[32m\"button\"\u001b[39m\n                    \u001b[36m>\u001b[39m\n                      \u001b[36m<svg\u001b[39m\n                        \u001b[33mclass\u001b[39m=\u001b[32m\"lucide lucide-trash h-4 w-4\"\u001b[39m\n                        \u001b[33mfill\u001b[39m=\u001b[32m\"none\"\u001b[39m\n                        \u001b[33mheight\u001b[39m=\u001b[32m\"24\"\u001b[39m\n                        \u001b[33mstroke\u001b[39m=\u001b[32m\"currentColor\"\u001b[39m\n                        \u001b[33mstroke-linecap\u001b[39m=\u001b[32m\"round\"\u001b[39m\n                        \u001b[33mstroke-linejoin\u001b[39m=\u001b[32m\"round\"\u001b[39m\n                        \u001b[33mstroke-width\u001b[39m=\u001b[32m\"2\"\u001b[39m\n                        \u001b[33mviewBox\u001b[39m=\u001b[32m\"0 0 24 24\"\u001b[39m\n                        \u001b[33mwidth\u001b[39m=\u001b[32m\"24\"\u001b[39m\n                        \u001b[33mxmlns\u001b[39m=\u001b[32m\"http://www.w3.org/2000/svg\"\u001b[39m\n                      \u001b[36m>\u001b[39m\n                        \u001b[36m<path\u001b[39m\n                          \u001b[33md\u001b[39m=\u001b[32m\"M3 6h18\"\u001b[39m\n                        \u001b[36m/>\u001b[39m\n                        \u001b[36m<path\u001b[39m\n                          \u001b[33md\u001b[39m=\u001b[32m\"M19 6v14c0 1-1 2-2 2H7c-1 0-2-1-2-2V6\"\u001b[39m\n                        \u001b[36m/>\u001b[39m\n                        \u001b[36m<path\u001b[39m\n                          \u001b[33md\u001b[39m=\u001b[32m\"M8 6V4c0-1 1-2 2-2h4c1 0 2 1 2 2v2\"\u001b[39m\n                        \u001b[36m/>\u001b[39m\n                      \u001b[36m</svg>\u001b[39m\n                    \u001b[36m</button>\u001b[39m\n                  \u001b[36m</div>\u001b[39m\n                \u001b[36m</td>\u001b[39m\n              \u001b[36m</tr>\u001b[39m\n            \u001b[36m</tbody>\u001b[39m\n          \u001b[36m</table>\u001b[39m\n        \u001b[36m</div>\u001b[39m\n        \u001b[36m<div\u001b[39m\n          \u001b[33mclass\u001b[39m=\u001b[32m\"shrink-0 bg-border h-[1px] w-full\"\u001b[39m\n          \u001b[33mdata-orientation\u001b[39m=\u001b[32m\"horizontal\"\u001b[39m\n          \u001b[33mrole\u001b[39m=\u001b[32m\"none\"\u001b[39m\n        \u001b[36m/>\u001b[39m\n        \u001b[36m<div>\u001b[39m\n          \u001b[36m<h3\u001b[39m\n            \u001b[33mclass\u001b[39m=\u001b[32m\"text-lg font-medium mb-3\"\u001b[39m\n          \u001b[36m>\u001b[39m\n            \u001b[0morg.domains.addDomain\u001b[0m\n          \u001b[36m</h3>\u001b[39m\n          \u001b[36m<form\u001b[39m\n            \u001b[33mclass\u001b[39m=\u001b[32m\"space-y-4\"\u001b[39m\n            \u001b[33mdata-testid\u001b[39m=\u001b[32m\"form\"\u001b[39m\n          \u001b[36m>\u001b[39m\n            \u001b[36m<form\u001b[39m\n              \u001b[33mclass\u001b[39m=\u001b[32m\"space-y-4\"\u001b[39m\n            \u001b[36m>\u001b[39m\n              \u001b[36m<div\u001b[39m\n                \u001b[33mdata-testid\u001b[39m=\u001b[32m\"form-item\"\u001b[39m\n              \u001b[36m>\u001b[39m\n                \u001b[36m<div\u001b[39m\n                  \u001b[33mdata-testid\u001b[39m=\u001b[32m\"form-label\"\u001b[39m\n                \u001b[36m>\u001b[39m\n                  \u001b[0morg.domains.domainLabel\u001b[0m\n                \u001b[36m</div>\u001b[39m\n                \u001b[36m<div\u001b[39m\n                  \u001b[33mdata-testid\u001b[39m=\u001b[32m\"form-control\"\u001b[39m\n                \u001b[36m>\u001b[39m\n                  \u001b[36m<input\u001b[39m\n                    \u001b[33mdata-testid\u001b[39m=\u001b[32m\"input\"\u001b[39m\n                    \u001b[33mname\u001b[39m=\u001b[32m\"domain\"\u001b[39m\n                    \u001b[33mplaceholder\u001b[39m=\u001b[32m\"example.com\"\u001b[39m\n                    \u001b[33mvalue\u001b[39m=\u001b[32m\"\"\u001b[39m\n                  \u001b[36m/>\u001b[39m\n                \u001b[36m</div>\u001b[39m\n                \u001b[36m<div\u001b[39m\n                  \u001b[33mdata-testid\u001b[39m=\u001b[32m\"form-description\"\u001b[39m\n                \u001b[36m>\u001b[39m\n                  \u001b[0morg.domains.domainDescription\u001b[0m\n                \u001b[36m</div>\u001b[39m\n                \u001b[36m<div\u001b[39m\n                  \u001b[33mdata-testid\u001b[39m=\u001b[32m\"form-message\"\u001b[39m\n                  \u001b[33mrole\u001b[39m=\u001b[32m\"alert\"\u001b[39m\n                \u001b[36m/>\u001b[39m\n              \u001b[36m</div>\u001b[39m\n              \u001b[36m<div\u001b[39m\n                \u001b[33mclass\u001b[39m=\u001b[32m\"grid grid-cols-1 md:grid-cols-2 gap-4\"\u001b[39m\n              \u001b[36m>\u001b[39m\n                \u001b[36m<div\u001b[39m\n                  \u001b[33mdata-testid\u001b[39m=\u001b[32m\"form-item\"\u001b[39m\n                \u001b[36m>\u001b[39m\n                  \u001b[36m<div\u001b[39m\n                    \u001b[33mclass\u001b[39m=\u001b[32m\"space-y-0.5\"\u001b[39m\n                  \u001b[36m>\u001b[39m\n                    \u001b[36m<div\u001b[39m\n                      \u001b[33mdata-testid\u001b[39m=\u001b[32m\"form-label\"\u001b[39m\n                    \u001b[36m>\u001b[39m\n                      \u001b[0morg.domains.autoJoinLabel\u001b[0m\n                    \u001b[36m</div>\u001b[39m\n                    \u001b[36m<div\u001b[39m\n                      \u001b[33mdata-testid\u001b[39m=\u001b[32m\"form-description\"\u001b[39m\n                    \u001b[36m>\u001b[39m\n                      \u001b[0morg.domains.autoJoinDescription\u001b[0m\n                    \u001b[36m</div>\u001b[39m\n                  \u001b[36m</div>\u001b[39m\n                  \u001b[36m<div\u001b[39m\n                    \u001b[33mdata-testid\u001b[39m=\u001b[32m\"form-control\"\u001b[39m\n                  \u001b[36m>\u001b[39m\n                    \u001b[36m<input\u001b[39m\n                      \u001b[33mdata-testid\u001b[39m=\u001b[32m\"switch\"\u001b[39m\n                      \u001b[33mrole\u001b[39m=\u001b[32m\"switch\"\u001b[39m\n                      \u001b[33mtype\u001b[39m=\u001b[32m\"checkbox\"\u001b[39m\n                    \u001b[36m/>\u001b[39m\n                  \u001b[36m</div>\u001b[39m\n                \u001b[36m</div>\u001b[39m\n                \u001b[36m<div\u001b[39m\n                  \u001b[33mdata-testid\u001b[39m=\u001b[32m\"form-item\"\u001b[39m\n                \u001b[36m>\u001b[39m\n                  \u001b[36m<div\u001b[39m\n                    \u001b[33mclass\u001b[39m=\u001b[32m\"space-y-0.5\"\u001b[39m\n                  \u001b[36m>\u001b[39m\n                    \u001b[36m<div\u001b[39m\n                      \u001b[33mdata-testid\u001b[39m=\u001b[32m\"form-label\"\u001b[39m\n                    \u001b[36m>\u001b[39m\n                      \u001b[0morg.domains.enforceSSOLabel\u001b[0m\n                    \u001b[36m</div>\u001b[39m\n                    \u001b[36m<div\u001b[39m\n                      \u001b[33mdata-testid\u001b[39m=\u001b[32m\"form-description\"\u001b[39m\n                    \u001b[36m>\u001b[39m\n                      \u001b[0morg.domains.enforceSSODescription\u001b[0m\n                    \u001b[36m</div>\u001b[39m\n                  \u001b[36m</div>\u001b[39m\n                  \u001b[36m<div\u001b[39m\n                    \u001b[33mdata-testid\u001b[39m=\u001b[32m\"form-control\"\u001b[39m\n                  \u001b[36m>\u001b[39m\n                    \u001b[36m<input\u001b[39m\n                      \u001b[33mdata-testid\u001b[39m=\u001b[32m\"switch\"\u001b[39m\n                      \u001b[33mrole\u001b[39m=\u001b[32m\"switch\"\u001b[39m\n                      \u001b[33mtype\u001b[39m=\u001b[32m\"checkbox\"\u001b[39m\n                    \u001b[36m/>\u001b[39m\n                  \u001b[36m</div>\u001b[39m\n                \u001b[36m</div>\u001b[39m\n              \u001b[36m</div>\u001b[39m\n              \u001b[36m<button\u001b[39m\n                \u001b[33mclass\u001b[39m=\u001b[32m\"mt-2\"\u001b[39m\n                \u001b[33mdata-testid\u001b[39m=\u001b[32m\"button\"\u001b[39m\n                \u001b[33mtype\u001b[39m=\u001b[32m\"submit\"\u001b[39m\n              \u001b[36m>\u001b[39m\n                \u001b[36m<svg\u001b[39m\n                  \u001b[33mclass\u001b[39m=\u001b[32m\"lucide lucide-plus mr-2 h-4 w-4\"\u001b[39m\n                  \u001b[33mfill\u001b[39m=\u001b[32m\"none\"\u001b[39m\n                  \u001b[33mheight\u001b[39m=\u001b[32m\"24\"\u001b[39m\n                  \u001b[33mstroke\u001b[39m=\u001b[32m\"currentColor\"\u001b[39m\n                  \u001b[33mstroke-linecap\u001b[39m=\u001b[32m\"round\"\u001b[39m\n                  \u001b[33mstroke-linejoin\u001b[39m=\u001b[32m\"round\"\u001b[39m\n                  \u001b[33mstroke-width\u001b[39m=\u001b[32m\"2\"\u001b[39m\n                  \u001b[33mviewBox\u001b[39m=\u001b[32m\"0 0 24 24\"\u001b[39m\n                  \u001b[33mwidth\u001b[39m=\u001b[32m\"24\"\u001b[39m\n                  \u001b[33mxmlns\u001b[39m=\u001b[32m\"http://www.w3.org/2000/svg\"\u001b[39m\n                \u001b[36m>\u001b[39m\n                  \u001b[36m<path\u001b[39m\n                    \u001b[33md\u001b[39m=\u001b[32m\"M5 12h14\"\u001b[39m\n                  \u001b[36m/>\u001b[39m\n                  \u001b[36m<path\u001b[39m\n                    \u001b[33md\u001b[39m=\u001b[32m\"M12 5v14\"\u001b[39m\n                  \u001b[36m/>\u001b[39m\n                \u001b[36m</svg>\u001b[39m\n                \u001b[0morg.domains.addButton\u001b[0m\n              \u001b[36m</button>\u001b[39m\n            \u001b[36m</form>\u001b[39m\n          \u001b[36m</form>\u001b[39m\n        \u001b[36m</div>\u001b[39m\n      \u001b[36m</div>\u001b[39m\n      \u001b[36m<div\u001b[39m\n        \u001b[33mclass\u001b[39m=\u001b[32m\"bg-muted/50 px-6 py-4 flex flex-col items-start\"\u001b[39m\n        \u001b[33mdata-testid\u001b[39m=\u001b[32m\"card-footer\"\u001b[39m\n      \u001b[36m>\u001b[39m\n        \u001b[36m<h4\u001b[39m\n          \u001b[33mclass\u001b[39m=\u001b[32m\"font-medium mb-2\"\u001b[39m\n        \u001b[36m>\u001b[39m\n          \u001b[0morg.domains.verificationTitle\u001b[0m\n        \u001b[36m</h4>\u001b[39m\n        \u001b[36m<p\u001b[39m\n          \u001b[33mclass\u001b[39m=\u001b[32m\"text-sm text-muted-foreground mb-2\"\u001b[39m\n        \u001b[36m>\u001b[39m\n          \u001b[0morg.domains.verificationDescription\u001b[0m\n        \u001b[36m</p>\u001b[39m\n        \u001b[36m<div\u001b[39m\n          \u001b[33mclass\u001b[39m=\u001b[32m\"mt-2 w-full\"\u001b[39m\n          \u001b[33mdata-testid\u001b[39m=\u001b[32m\"alert\"\u001b[39m\n          \u001b[33mrole\u001b[39m=\u001b[32m\"alert\"\u001b[39m\n        \u001b[36m>\u001b[39m\n          \u001b[36m<div\u001b[39m\n            \u001b[33mdata-testid\u001b[39m=\u001b[32m\"alert-description\"\u001b[39m\n          \u001b[36m>\u001b[39m\n            \u001b[0morg.domains.verificationInstructions\u001b[0m\n          \u001b[36m</div>\u001b[39m\n        \u001b[36m</div>\u001b[39m\n      \u001b[36m</div>\u001b[39m\n    \u001b[36m</div>\u001b[39m\n  \u001b[36m</div>\u001b[39m\n\u001b[36m</body>\u001b[39m"],"location":{"line":37,"column":19}},{"ancestorTitles":["","DomainBasedOrgMatching"],"fullName":" DomainBasedOrgMatching toggles domains matching when switch is clicked","status":"failed","title":"toggles domains matching when switch is clicked","duration":48,"failureMessages":["Found multiple elements by: [data-testid=\"switch\"]\n\nHere are the matching elements:\n\nIgnored nodes: comments, script, style\n\u001b[36m<input\u001b[39m\n  \u001b[33mdata-testid\u001b[39m=\u001b[32m\"switch\"\u001b[39m\n  \u001b[33mrole\u001b[39m=\u001b[32m\"switch\"\u001b[39m\n  \u001b[33mtype\u001b[39m=\u001b[32m\"checkbox\"\u001b[39m\n\u001b[36m/>\u001b[39m\n\nIgnored nodes: comments, script, style\n\u001b[36m<input\u001b[39m\n  \u001b[33mdata-testid\u001b[39m=\u001b[32m\"switch\"\u001b[39m\n  \u001b[33mrole\u001b[39m=\u001b[32m\"switch\"\u001b[39m\n  \u001b[33mtype\u001b[39m=\u001b[32m\"checkbox\"\u001b[39m\n\u001b[36m/>\u001b[39m\n\n(If this is intentional, then use the `*AllBy*` variant of the query (like `queryAllByText`, `getAllByText`, or `findAllByText`)).\n\nIgnored nodes: comments, script, style\n\u001b[36m<body>\u001b[39m\n  \u001b[36m<div>\u001b[39m\n    \u001b[36m<div\u001b[39m\n      \u001b[33mclass\u001b[39m=\u001b[32m\"w-full\"\u001b[39m\n      \u001b[33mdata-testid\u001b[39m=\u001b[32m\"card\"\u001b[39m\n    \u001b[36m>\u001b[39m\n      \u001b[36m<div\u001b[39m\n        \u001b[33mdata-testid\u001b[39m=\u001b[32m\"card-header\"\u001b[39m\n      \u001b[36m>\u001b[39m\n        \u001b[36m<div\u001b[39m\n          \u001b[33mclass\u001b[39m=\u001b[32m\"flex items-center gap-2\"\u001b[39m\n          \u001b[33mdata-testid\u001b[39m=\u001b[32m\"card-title\"\u001b[39m\n        \u001b[36m>\u001b[39m\n          \u001b[36m<svg\u001b[39m\n            \u001b[33mclass\u001b[39m=\u001b[32m\"lucide lucide-building h-5 w-5\"\u001b[39m\n            \u001b[33mfill\u001b[39m=\u001b[32m\"none\"\u001b[39m\n            \u001b[33mheight\u001b[39m=\u001b[32m\"24\"\u001b[39m\n            \u001b[33mstroke\u001b[39m=\u001b[32m\"currentColor\"\u001b[39m\n            \u001b[33mstroke-linecap\u001b[39m=\u001b[32m\"round\"\u001b[39m\n            \u001b[33mstroke-linejoin\u001b[39m=\u001b[32m\"round\"\u001b[39m\n            \u001b[33mstroke-width\u001b[39m=\u001b[32m\"2\"\u001b[39m\n            \u001b[33mviewBox\u001b[39m=\u001b[32m\"0 0 24 24\"\u001b[39m\n            \u001b[33mwidth\u001b[39m=\u001b[32m\"24\"\u001b[39m\n            \u001b[33mxmlns\u001b[39m=\u001b[32m\"http://www.w3.org/2000/svg\"\u001b[39m\n          \u001b[36m>\u001b[39m\n            \u001b[36m<rect\u001b[39m\n              \u001b[33mheight\u001b[39m=\u001b[32m\"20\"\u001b[39m\n              \u001b[33mrx\u001b[39m=\u001b[32m\"2\"\u001b[39m\n              \u001b[33mry\u001b[39m=\u001b[32m\"2\"\u001b[39m\n              \u001b[33mwidth\u00
[...]
auth/__tests__/mfa/setup.test.tsx"},{"assertionResults":[{"ancestorTitles":["","MFA Verification During Login"],"fullName":" MFA Verification During Login User can complete login with TOTP code","status":"passed","title":"User can complete login with TOTP code","duration":928,"failureMessages":[]},{"ancestorTitles":["","MFA Verification During Login"],"fullName":" MFA Verification During Login User can switch between available MFA methods","status":"passed","title":"User can switch between available MFA methods","duration":574,"failureMessages":[]},{"ancestorTitles":["","MFA Verification During Login"],"fullName":" MFA Verification During Login User can authenticate with backup code","status":"passed","title":"User can authenticate with backup code","duration":361,"failureMessages":[]},{"ancestorTitles":["","MFA Verification During Login"],"fullName":" MFA Verification During Login Handles incorrect MFA code","status":"passed","title":"Handles incorrect MFA code","duration":255,"failureMessages":[]},{"ancestorTitles":["","MFA Verification During Login"],"fullName":" MFA Verification During Login User can request new SMS code during verification","status":"passed","title":"User can request new SMS code during verification","duration":106,"failureMessages":[]},{"ancestorTitles":["","MFA Verification During Login"],"fullName":" MFA Verification During Login Handles \"Remember this device\" functionality","status":"passed","title":"Handles \"Remember this device\" functionality","duration":275,"failureMessages":[]}],"startTime":1746298694001,"endTime":1746298696500,"status":"passed","message":"","name":"C:/Dev/Projects/Products/Apps/user-management-reorganized/src/lib/auth/__tests__/mfa/verification.test.tsx"},{"assertionResults":[],"startTime":1746298677476,"endTime":1746298677476,"status":"failed","message":"Failed to resolve import \"@/components/auth/OrganizationSessionManager\" from \"src/lib/auth/__tests__/session/business-policies.test.tsx\". Does the file exist?","name":"C:/Dev/Projects/Products/Apps/user-management-reorganized/src/lib/auth/__tests__/session/business-policies.test.tsx"},{"assertionResults":[],"startTime":1746298677476,"endTime":1746298677476,"status":"failed","message":"Failed to resolve import \"@/context/OrganizationContext\" from \"src/lib/auth/__tests__/sso/business-sso.test.tsx\". Does the file exist?","name":"C:/Dev/Projects/Products/Apps/user-management-reorganized/src/lib/auth/__tests__/sso/business-sso.test.tsx"},{"assertionResults":[],"startTime":1746298677476,"endTime":1746298677476,"status":"failed","message":"Failed to resolve import \"@/components/auth/SSOAuth\" from \"src/lib/auth/__tests__/sso/personal-sso.test.tsx\". Does the file exist?","name":"C:/Dev/Projects/Products/Apps/user-management-reorganized/src/lib/auth/__tests__/sso/personal-sso.test.tsx"},{"assertionResults":[],"startTime":1746298677476,"endTime":1746298677476,"status":"failed","message":"Failed to resolve import \"../../src/components/account/AccountSettings\" from \"src/tests/integration/account-settings-flow.test.tsx\". Does the file exist?","name":"C:/Dev/Projects/Products/Apps/user-management-reorganized/src/tests/integration/account-settings-flow.test.tsx"},{"assertionResults":[],"startTime":1746298677476,"endTime":1746298677476,"status":"failed","message":"[vitest] There was an error when mocking a module. If you are using \"vi.mock\" factory, make sure there are no top level variables inside, since this call is hoisted to top of the file. Read more: https://vitest.dev/api/vi.html#vi-mock","name":"C:/Dev/Projects/Products/Apps/user-management-reorganized/src/tests/integration/account-switching-flow.test.tsx"},{"assertionResults":[],"startTime":1746298677476,"endTime":1746298677476,"status":"failed","message":"Failed to resolve import \"../../src/components/admin/AdminUsers\" from \"src/tests/integration/admin-users-flow.test.tsx\". Does the file exist?","name":"C:/Dev/Projects/Products/Apps/user-management-reorganized/src/tests/integration/admin-users-flow.test.tsx"},{"assertionResults":[],"startTime":1746298677476,"endTime":1746298677476,"status":"failed","message":"Failed to resolve import \"../../src/components/auth/LoginForm\" from \"src/tests/integration/api-error-messages.test.tsx\". Does the file exist?","name":"C:/Dev/Projects/Products/Apps/user-management-reorganized/src/tests/integration/api-error-messages.test.tsx"},{"assertionResults":[],"startTime":1746298677476,"endTime":1746298677476,"status":"failed","message":"Cannot read properties of undefined (reading 'post')","name":"C:/Dev/Projects/Products/Apps/user-management-reorganized/src/tests/integration/backup.integration.test.tsx"},{"assertionResults":[],"startTime":1746298677476,"endTime":1746298677476,"status":"failed","message":"Transform failed with 1 error:\nC:/Dev/Projects/Products/Apps/user-management-reorganized/src/tests/integration/collaboration-flow.test.tsx:284:25: ERROR: Unterminated string literal","name":"C:/Dev/Projects/Products/Apps/user-management-reorganized/src/tests/integration/collaboration-flow.test.tsx"},{"assertionResults":[{"ancestorTitles":["","ConnectedAccounts Integration Tests"],"fullName":" ConnectedAccounts Integration Tests should render currently connected accounts","status":"passed","title":"should render currently connected accounts","duration":699,"failureMessages":[]},{"ancestorTitles":["","ConnectedAccounts Integration Tests"],"fullName":" ConnectedAccounts Integration Tests should call disconnectAccount when disconnect button is clicked","status":"passed","title":"should call disconnectAccount when disconnect button is clicked","duration":195,"failureMessages":[]},{"ancestorTitles":["","ConnectedAccounts Integration Tests"],"fullName":" ConnectedAccounts Integration Tests should render buttons for available providers to connect","status":"passed","title":"should render buttons for available providers to connect","duration":236,"failureMessages":[]}],"startTime":1746298703580,"endTime":1746298704711,"status":"passed","message":"","name":"C:/Dev/Projects/Products/Apps/user-management-reorganized/src/tests/integration/connected-accounts.integration.test.tsx"},{"assertionResults":[{"ancestorTitles":["","Dashboard and Reporting Flow"],"fullName":" Dashboard and Reporting Flow Displays loading state initially and then renders dashboard data","status":"passed","title":"Displays loading state initially and then renders dashboard data","duration":195,"failureMessages":[]},{"ancestorTitles":["","Dashboard and Reporting Flow"],"fullName":" Dashboard and Reporting Flow Displays placeholder charts","status":"passed","title":"Displays placeholder charts","duration":28,"failureMessages":[]}],"startTime":1746298720395,"endTime":1746298720618,"status":"passed","message":"","name":"C:/Dev/Projects/Products/Apps/user-management-reorganized/src/tests/integration/dashboard-view-flow.test.tsx"},{"assertionResults":[],"startTime":1746298677476,"endTime":1746298677476,"status":"failed","message":"[vitest] There was an error when mocking a module. If you are using \"vi.mock\" factory, make sure there are no top level variables inside, since this call is hoisted to top of the file. Read more: https://vitest.dev/api/vi.html#vi-mock","name":"C:/Dev/Projects/Products/Apps/user-management-reorganized/src/tests/integration/data-management-flow.test.tsx"},{"assertionResults":[],"startTime":1746298677476,"endTime":1746298677476,"status":"failed","message":"jest is not defined","name":"C:/Dev/Projects/Products/Apps/user-management-reorganized/src/tests/integration/empty-states.test.tsx"},{"assertionResults":[],"startTime":1746298677476,"endTime":1746298677476,"status":"failed","message":"[vitest] There was an error when mocking a module. If you are using \"vi.mock\" factory, make sure there are no top level variables inside, since this call is hoisted to top of the file. Read more: https://vitest.dev/api/vi.html#vi-mock","name":"C:/Dev/Projects/Products/Apps/user-management-reorganized/src/tests/integration/error-recovery-flow.test.tsx"},{"assertionResults":[],"startTime":1746298677476,"endTime":1746298677476,"status":"failed","message":"jest is not defined","name":"C:/Dev/Projects/Products/Apps/user-management-reorganized/src/tests/integration/export-import-flow.test.tsx"},{"assertionResults":[],"startTime":1746298677476,"endTime":1746298677476,"status":"failed","message":"jest is not defined","name":"C:/Dev/Projects/Products/Apps/user-management-reorganized/src/tests/integration/feedback-submission-flow.test.tsx"},{"assertionResults":[],"startTime":1746298677476,"endTime":1746298677476,"status":"failed","message":"jest is not defined","name":"C:/Dev/Projects/Products/Apps/user-management-reorganized/src/tests/integration/file-upload-flow.test.tsx"},{"assertionResults":[{"ancestorTitles":["","Form Validation Errors (Isolated Test)"],"fullName":" Form Validation Errors (Isolated Test) Displays validation errors with clear guidance","status":"passed","title":"Displays validation errors with clear guidance","duration":1755,"failureMessages":[]}],"startTime":1746298705959,"endTime":1746298707714,"status":"passed","message":"","name":"C:/Dev/Projects/Products/Apps/user-management-reorganized/src/tests/integration/form-validation-errors-isolated.test.tsx"},{"assertionResults":[{"ancestorTitles":["","Form Validation Errors"],"fullName":" Form Validation Errors Validates complex form with dependent fields","status":"passed","title":"Validates complex form with dependent fields","duration":650,"failureMessages":[]},{"ancestorTitles":["","Form Validation Errors"],"fullName":" Form Validation Errors Displays validation errors with clear guidance","status":"passed","title":"Displays validation errors with clear guidance","duration":727,"failureMessages":[]},{"ancestorTitles":["","Form Validation Errors"],"fullName":" Form Validation Errors Shows human-friendly validation messages with helpful suggestions","status":"passed","title":"Shows human-friendly validation messages with helpful suggestions","duration":318,"failureMessages":[]},{"ancestorTitles":["","Form Validation Errors"],"fullName":" Form Validation Errors Validates fields in real-time as user types","status":"passed","title":"Validates fields in real-time as user types","duration":589,"failureMessages":[]},{"ancestorTitles":["","Form Validation Errors"],"fullName":" Form Validation Errors Shows summary of all errors at top of form","status":"passed","title":"Shows summary of all errors at top of form","duration":835,"failureMessages":[]},{"ancestorTitles":["","Form Validation Errors"],"fullName":" Form Validation Errors Handles server-side validation errors","status":"passed","title":"Handles server-side validation errors","duration":1531,"failureMessages":[]},{"ancestorTitles":["","Form Validation Errors"],"fullName":" Form Validation Errors Keyboard navigation works correctly with validation errors","status":"passed","title":"Keyboard navigation works correctly with validation errors","duration":512,"failureMessages":[]}],"startTime":1746298691860,"endTime":1746298697025,"status":"passed","message":"","name":"C:/Dev/Projects/Products/Apps/user-management-reorganized/src/tests/integration/form-validation-errors.test.tsx"},{"assertionResults":[],"startTime":1746298677476,"endTime":1746298677476,"status":"failed","message":"[vitest] There was an error when mocking a module. If you are using \"vi.mock\" factory, make sure there are no top level variables inside, since this call is hoisted to top of the file. Read more: https://vitest.dev/api/vi.html#vi-mock","name":"C:/Dev/Projects/Products/Apps/user-management-reorganized/src/tests/integration/notification-flow.test.tsx"},{"assertionResults":[{"ancestorTitles":["","OAuthButtons Integration Tests"],"fullName":" OAuthButtons Integration Tests should render enabled OAuth provider buttons","status":"passed","title":"should render enabled OAuth provider buttons","duration":505,"failureMessages":[]},{"ancestorTitles":["","OAuthButtons Integration Tests"],"fullName":" OAuthButtons Integration Tests should call the login function with the correct provider when a button is clicked","status":"passed","title":"should call the login function with the correct provider when a button is clicked","duration":221,"failureMessages":[]},{"ancestorTitles":["","OAuthButtons Integration Tests"],"fullName":" OAuthButtons Integration Tests should display an error message when there is an error","status":"passed","title":"should display an error message when there is an error","duration":32,"failureMessages":[]},{"ancestorTitles":["","OAuthButtons Integration Tests"],"fullName":" OAuthButtons Integration Tests should disable buttons when loading","status":"passed","title":"should disable buttons when loading","duration":73,"failureMessages":[]},{"ancestorTitles":["","OAuthButtons Integration Tests"],"fullName":" OAuthButtons Integration Tests should clear error on unmount","status":"passed","title":"should clear error on unmount","duration":17,"failureMessages":[]},{"ancestorTitles":["","OAuthButtons Integration Tests"],"fullName":" OAuthButtons Integration Tests should not render if oauth is disabled in context","status":"passed","title":"should not render if oauth is disabled in context","duration":5,"failureMessages":[]},{"ancestorTitles":["","OAuthButtons Integration Tests"],"fullName":" OAuthButtons Integration Tests should not render if no providers are configured","status":"passed","title":"should not render if no providers are configured","duration":6,"failureMessages":[]}],"startTime":1746298718859,"endTime":1746298719720,"status":"passed","message":"","name":"C:/Dev/Projects/Products/Apps/user-management-reorganized/src/tests/integration/oauth-buttons.integration.test.tsx"},{"assertionResults":[],"startTime":1746298677476,"endTime":1746298677476,"status":"failed","message":"[vitest] There was an error when mocking a module. If you are using \"vi.mock\" factory, make sure there are no top level variables inside, since this call is hoisted to top of the file. Read more: https://vitest.dev/api/vi.html#vi-mock","name":"C:/Dev/Projects/Products/Apps/user-management-reorganized/src/tests/integration/password-reset-flow.test.tsx"},{"assertionResults":[{"ancestorTitles":["","Search and Filtering Flow"],"fullName":" Search and Filtering Flow User can search and filter content","status":"passed","title":"User can search and filter content","duration":1514,"failureMessages":[]},{"ancestorTitles":["","Search and Filtering Flow"],"fullName":" Search and Filtering Flow handles combined search and filter operations","status":"passed","title":"handles combined search and filter operations","duration":769,"failureMessages":[]},{"ancestorTitles":["","Search and Filtering Flow"],"fullName":" Search and Filtering Flow applying date range filter","status":"passed","title":"applying date range filter","duration":281,"failureMessages":[]},{"ancestorTitles":["","Search and Filtering Flow"],"fullName":" Search and Filtering Flow displays no results message for empty search","status":"passed","title":"displays no results message for empty search","duration":604,"failureMessages":[]},{"ancestorTitles":["","Search and Filtering Flow"],"fullName":" Search and Filtering Flow handles error during search operation","status":"passed","title":"handles error during search operation","duration":496,"failureMessages":[]},{"ancestorTitles":["","Search and Filtering Flow"],"fullName":" Search and Filtering Flow reset filters button clears all active filters","status":"passed","title":"reset filters button clears all active filters","duration":319,"failureMessages":[]}],"startTime":1746298681610,"endTime":1746298685594,"status":"passed","message":"","name":"C:/Dev/Projects/Products/Apps/user-management-reorganized/src/tests/integration/search-filter-flow.test.tsx"},{"assertionResults":[{"ancestorTitles":["","Social Sharing Flow"],"fullName":" Social Sharing Flow User can share content via social platforms","status":"passed","title":"User can share content via social platforms","duration":1237,"failureMessages":[]},{"ancestorTitles":["","Social Sharing Flow"],"fullName":" Social Sharing Flow User can copy sharing link to clipboard","status":"passed","title":"User can copy sharing link to clipboard","duration":351,"failureMessages":[]},{"ancestorTitles":["","Social Sharing Flow"],"fullName":" Social Sharing Flow User can email content link","status":"passed","title":"User can email content link","duration":294,"failureMessages":[]},{"ancestorTitles":["","Social Sharing Flow"],"fullName":" Social Sharing Flow Records analytics when content is shared","status":"passed","title":"Records analytics when content is shared","duration":237,"failureMessages":[]},{"ancestorTitles":["","Social Sharing Flow"],"fullName":" Social Sharing Flow Shows appropriate sharing platforms based on content type","status":"passed","title":"Shows appropriate sharing platforms based on content type","duration":264,"failureMessages":[]}],"startTime":1746298698622,"endTime":1746298701006,"status":"passed","message":"","name":"C:/Dev/Projects/Products/Apps/user-management-reorganized/src/tests/integration/social-sharing-flow.test.tsx"},{"assertionResults":[],"startTime":1746298677476,"endTime":1746298677476,"status":"failed","message":"[vitest] There was an error when mocking a module. If you are using \"vi.mock\" factory, make sure there are no top level variables inside, since this call is hoisted to top of the file. Read more: https://vitest.dev/api/vi.html#vi-mock","name":"C:/Dev/Projects/Products/Apps/user-management-reorganized/src/tests/integration/theme-settings-flow.test.tsx"},{"assertionResults":[{"ancestorTitles":["","User Authentication Flow"],"fullName":" User Authentication Flow User can sign up, login, and update profile","status":"passed","title":"User can sign up, login, and update profile","duration":3765,"failureMessages":[]},{"ancestorTitles":["","User Authentication Flow"],"fullName":" User Authentication Flow Social login buttons (Google/Apple) are visible in Login and Registration forms","status":"passed","title":"Social login buttons (Google/Apple) are visible in Login and Registration forms","duration":188,"failureMessages":[]}],"startTime":1746298682308,"endTime":1746298686261,"status":"passed","message":"","name":"C:/Dev/Projects/Products/Apps/user-management-reorganized/src/tests/integration/user-auth-flow.test.tsx"},{"assertionResults":[],"startTime":1746298677476,"endTime":1746298677476,"status":"failed","message":"[vitest] There was an error when mocking a module. If you are using \"vi.mock\" factory, make sure there are no top level variables inside, since this call is hoisted to top of the file. Read more: https://vitest.dev/api/vi.html#vi-mock","name":"C:/Dev/Projects/Products/Apps/user-management-reorganized/src/tests/integration/user-preferences-flow.test.tsx"},{"assertionResults":[{"ancestorTitles":["","Duplicate UI Elements Check"],"fullName":" Duplicate UI Elements Check should not have duplicate \"Forgot password\" links on login page","status":"passed","title":"should not have duplicate \"Forgot password\" links on login page","duration":78,"failureMessages":[]},{"ancestorTitles":["","Duplicate UI Elements Check"],"fullName":" Duplicate UI Elements Check should not have duplicate \"Sign up\" links on login page","status":"passed","title":"should not have duplicate \"Sign up\" links on login page","duration":14,"failureMessages":[]},{"ancestorTitles":["","Duplicate UI Elements Check"],"fullName":" Duplicate UI Elements Check should not have duplicate action buttons on any form","status":"passed","title":"should not have duplicate action buttons on any form","duration":198,"failureMessages":[]}],"startTime":1746298729279,"endTime":1746298729570,"status":"passed","message":"","name":"C:/Dev/Projects/Products/Apps/user-management-reorganized/src/tests/ui/DuplicateUIElements.test.tsx"}]}